2022-02-27T08:21:01+00:00 CRITICAL Uncaught Error: Call to a member function get_price() on bool in /mnt/storage/vhosts/kartingnortheast.com/httpdocs/wp-content/themes/surge_zero/page-booking.php:61
Stack trace:
#0 /mnt/storage/vhosts/kartingnortheast.com/httpdocs/wp-content/themes/surge_zero/base.php(11): include()
#1 /mnt/storage/vhosts/kartingnortheast.com/httpdocs/wp-includes/template-loader.php(78): include('/mnt/storage/vh...')
#2 /mnt/storage/vhosts/kartingnortheast.com/httpdocs/wp-blog-header.php(19): require_once('/mnt/storage/vh...')
#3 /mnt/storage/vhosts/kartingnortheast.com/httpdocs/index.php(17): require('/mnt/storage/vh...')
#4 {main}
  thrown in /mnt/storage/vhosts/kartingnortheast.com/httpdocs/wp-content/themes/surge_zero/page-booking.php on line 61

2022-02-27T08:21:02+00:00 CRITICAL Uncaught Error: Call to a member function get_price() on bool in /mnt/storage/vhosts/kartingnortheast.com/httpdocs/wp-content/themes/surge_zero/page-booking.php:61
Stack trace:
#0 /mnt/storage/vhosts/kartingnortheast.com/httpdocs/wp-content/themes/surge_zero/base.php(11): include()
#1 /mnt/storage/vhosts/kartingnortheast.com/httpdocs/wp-includes/template-loader.php(78): include('/mnt/storage/vh...')
#2 /mnt/storage/vhosts/kartingnortheast.com/httpdocs/wp-blog-header.php(19): require_once('/mnt/storage/vh...')
#3 /mnt/storage/vhosts/kartingnortheast.com/httpdocs/index.php(17): require('/mnt/storage/vh...')
#4 {main}
  thrown in /mnt/storage/vhosts/kartingnortheast.com/httpdocs/wp-content/themes/surge_zero/page-booking.php on line 61

2022-02-27T09:09:57+00:00 CRITICAL Uncaught Error: Call to a member function get_price() on bool in /mnt/storage/vhosts/kartingnortheast.com/httpdocs/wp-content/themes/surge_zero/page-booking.php:61
Stack trace:
#0 /mnt/storage/vhosts/kartingnortheast.com/httpdocs/wp-content/themes/surge_zero/base.php(11): include()
#1 /mnt/storage/vhosts/kartingnortheast.com/httpdocs/wp-includes/template-loader.php(78): include('/mnt/storage/vh...')
#2 /mnt/storage/vhosts/kartingnortheast.com/httpdocs/wp-blog-header.php(19): require_once('/mnt/storage/vh...')
#3 /mnt/storage/vhosts/kartingnortheast.com/httpdocs/index.php(17): require('/mnt/storage/vh...')
#4 {main}
  thrown in /mnt/storage/vhosts/kartingnortheast.com/httpdocs/wp-content/themes/surge_zero/page-booking.php on line 61

2022-02-27T09:09:58+00:00 CRITICAL Uncaught Error: Call to a member function get_price() on bool in /mnt/storage/vhosts/kartingnortheast.com/httpdocs/wp-content/themes/surge_zero/page-booking.php:61
Stack trace:
#0 /mnt/storage/vhosts/kartingnortheast.com/httpdocs/wp-content/themes/surge_zero/base.php(11): include()
#1 /mnt/storage/vhosts/kartingnortheast.com/httpdocs/wp-includes/template-loader.php(78): include('/mnt/storage/vh...')
#2 /mnt/storage/vhosts/kartingnortheast.com/httpdocs/wp-blog-header.php(19): require_once('/mnt/storage/vh...')
#3 /mnt/storage/vhosts/kartingnortheast.com/httpdocs/index.php(17): require('/mnt/storage/vh...')
#4 {main}
  thrown in /mnt/storage/vhosts/kartingnortheast.com/httpdocs/wp-content/themes/surge_zero/page-booking.php on line 61

2022-02-27T14:08:34+00:00 CRITICAL Uncaught Error: Call to a member function get_price() on bool in /mnt/storage/vhosts/kartingnortheast.com/httpdocs/wp-content/themes/surge_zero/page-booking.php:61
Stack trace:
#0 /mnt/storage/vhosts/kartingnortheast.com/httpdocs/wp-content/themes/surge_zero/base.php(11): include()
#1 /mnt/storage/vhosts/kartingnortheast.com/httpdocs/wp-includes/template-loader.php(78): include('/mnt/storage/vh...')
#2 /mnt/storage/vhosts/kartingnortheast.com/httpdocs/wp-blog-header.php(19): require_once('/mnt/storage/vh...')
#3 /mnt/storage/vhosts/kartingnortheast.com/httpdocs/index.php(17): require('/mnt/storage/vh...')
#4 {main}
  thrown in /mnt/storage/vhosts/kartingnortheast.com/httpdocs/wp-content/themes/surge_zero/page-booking.php on line 61

2022-02-27T14:08:35+00:00 CRITICAL Uncaught Error: Call to a member function get_price() on bool in /mnt/storage/vhosts/kartingnortheast.com/httpdocs/wp-content/themes/surge_zero/page-booking.php:61
Stack trace:
#0 /mnt/storage/vhosts/kartingnortheast.com/httpdocs/wp-content/themes/surge_zero/base.php(11): include()
#1 /mnt/storage/vhosts/kartingnortheast.com/httpdocs/wp-includes/template-loader.php(78): include('/mnt/storage/vh...')
#2 /mnt/storage/vhosts/kartingnortheast.com/httpdocs/wp-blog-header.php(19): require_once('/mnt/storage/vh...')
#3 /mnt/storage/vhosts/kartingnortheast.com/httpdocs/index.php(17): require('/mnt/storage/vh...')
#4 {main}
  thrown in /mnt/storage/vhosts/kartingnortheast.com/httpdocs/wp-content/themes/surge_zero/page-booking.php on line 61

2022-02-27T18:55:17+00:00 CRITICAL Uncaught Error: Call to a member function get_price() on bool in /mnt/storage/vhosts/kartingnortheast.com/httpdocs/wp-content/themes/surge_zero/page-booking.php:61
Stack trace:
#0 /mnt/storage/vhosts/kartingnortheast.com/httpdocs/wp-content/themes/surge_zero/base.php(11): include()
#1 /mnt/storage/vhosts/kartingnortheast.com/httpdocs/wp-includes/template-loader.php(78): include('/mnt/storage/vh...')
#2 /mnt/storage/vhosts/kartingnortheast.com/httpdocs/wp-blog-header.php(19): require_once('/mnt/storage/vh...')
#3 /mnt/storage/vhosts/kartingnortheast.com/httpdocs/index.php(17): require('/mnt/storage/vh...')
#4 {main}
  thrown in /mnt/storage/vhosts/kartingnortheast.com/httpdocs/wp-content/themes/surge_zero/page-booking.php on line 61

2022-02-27T18:55:17+00:00 CRITICAL Uncaught Error: Call to a member function get_price() on bool in /mnt/storage/vhosts/kartingnortheast.com/httpdocs/wp-content/themes/surge_zero/page-booking.php:61
Stack trace:
#0 /mnt/storage/vhosts/kartingnortheast.com/httpdocs/wp-content/themes/surge_zero/base.php(11): include()
#1 /mnt/storage/vhosts/kartingnortheast.com/httpdocs/wp-includes/template-loader.php(78): include('/mnt/storage/vh...')
#2 /mnt/storage/vhosts/kartingnortheast.com/httpdocs/wp-blog-header.php(19): require_once('/mnt/storage/vh...')
#3 /mnt/storage/vhosts/kartingnortheast.com/httpdocs/index.php(17): require('/mnt/storage/vh...')
#4 {main}
  thrown in /mnt/storage/vhosts/kartingnortheast.com/httpdocs/wp-content/themes/surge_zero/page-booking.php on line 61

2022-02-27T21:22:31+00:00 CRITICAL Uncaught Error: Call to a member function get_price() on bool in /mnt/storage/vhosts/kartingnortheast.com/httpdocs/wp-content/themes/surge_zero/page-booking.php:61
Stack trace:
#0 /mnt/storage/vhosts/kartingnortheast.com/httpdocs/wp-content/themes/surge_zero/base.php(11): include()
#1 /mnt/storage/vhosts/kartingnortheast.com/httpdocs/wp-includes/template-loader.php(78): include('/mnt/storage/vh...')
#2 /mnt/storage/vhosts/kartingnortheast.com/httpdocs/wp-blog-header.php(19): require_once('/mnt/storage/vh...')
#3 /mnt/storage/vhosts/kartingnortheast.com/httpdocs/index.php(17): require('/mnt/storage/vh...')
#4 {main}
  thrown in /mnt/storage/vhosts/kartingnortheast.com/httpdocs/wp-content/themes/surge_zero/page-booking.php on line 61

2022-02-27T21:22:32+00:00 CRITICAL Uncaught Error: Call to a member function get_price() on bool in /mnt/storage/vhosts/kartingnortheast.com/httpdocs/wp-content/themes/surge_zero/page-booking.php:61
Stack trace:
#0 /mnt/storage/vhosts/kartingnortheast.com/httpdocs/wp-content/themes/surge_zero/base.php(11): include()
#1 /mnt/storage/vhosts/kartingnortheast.com/httpdocs/wp-includes/template-loader.php(78): include('/mnt/storage/vh...')
#2 /mnt/storage/vhosts/kartingnortheast.com/httpdocs/wp-blog-header.php(19): require_once('/mnt/storage/vh...')
#3 /mnt/storage/vhosts/kartingnortheast.com/httpdocs/index.php(17): require('/mnt/storage/vh...')
#4 {main}
  thrown in /mnt/storage/vhosts/kartingnortheast.com/httpdocs/wp-content/themes/surge_zero/page-booking.php on line 61

2022-02-27T21:28:40+00:00 CRITICAL Uncaught Error: Call to a member function get_price() on bool in /mnt/storage/vhosts/kartingnortheast.com/httpdocs/wp-content/themes/surge_zero/page-booking.php:61
Stack trace:
#0 /mnt/storage/vhosts/kartingnortheast.com/httpdocs/wp-content/themes/surge_zero/base.php(11): include()
#1 /mnt/storage/vhosts/kartingnortheast.com/httpdocs/wp-includes/template-loader.php(78): include('/mnt/storage/vh...')
#2 /mnt/storage/vhosts/kartingnortheast.com/httpdocs/wp-blog-header.php(19): require_once('/mnt/storage/vh...')
#3 /mnt/storage/vhosts/kartingnortheast.com/httpdocs/index.php(17): require('/mnt/storage/vh...')
#4 {main}
  thrown in /mnt/storage/vhosts/kartingnortheast.com/httpdocs/wp-content/themes/surge_zero/page-booking.php on line 61

2022-02-27T21:28:40+00:00 CRITICAL Uncaught Error: Call to a member function get_price() on bool in /mnt/storage/vhosts/kartingnortheast.com/httpdocs/wp-content/themes/surge_zero/page-booking.php:61
Stack trace:
#0 /mnt/storage/vhosts/kartingnortheast.com/httpdocs/wp-content/themes/surge_zero/base.php(11): include()
#1 /mnt/storage/vhosts/kartingnortheast.com/httpdocs/wp-includes/template-loader.php(78): include('/mnt/storage/vh...')
#2 /mnt/storage/vhosts/kartingnortheast.com/httpdocs/wp-blog-header.php(19): require_once('/mnt/storage/vh...')
#3 /mnt/storage/vhosts/kartingnortheast.com/httpdocs/index.php(17): require('/mnt/storage/vh...')
#4 {main}
  thrown in /mnt/storage/vhosts/kartingnortheast.com/httpdocs/wp-content/themes/surge_zero/page-booking.php on line 61

