2022-03-06T09:20:51+00:00 CRITICAL Uncaught Error: Call to a member function get_price() on bool in /mnt/storage/vhosts/kartingnortheast.com/httpdocs/wp-content/themes/surge_zero/page-booking.php:61
Stack trace:
#0 /mnt/storage/vhosts/kartingnortheast.com/httpdocs/wp-content/themes/surge_zero/base.php(11): include()
#1 /mnt/storage/vhosts/kartingnortheast.com/httpdocs/wp-includes/template-loader.php(78): include('/mnt/storage/vh...')
#2 /mnt/storage/vhosts/kartingnortheast.com/httpdocs/wp-blog-header.php(19): require_once('/mnt/storage/vh...')
#3 /mnt/storage/vhosts/kartingnortheast.com/httpdocs/index.php(17): require('/mnt/storage/vh...')
#4 {main}
  thrown in /mnt/storage/vhosts/kartingnortheast.com/httpdocs/wp-content/themes/surge_zero/page-booking.php on line 61

2022-03-06T09:20:52+00:00 CRITICAL Uncaught Error: Call to a member function get_price() on bool in /mnt/storage/vhosts/kartingnortheast.com/httpdocs/wp-content/themes/surge_zero/page-booking.php:61
Stack trace:
#0 /mnt/storage/vhosts/kartingnortheast.com/httpdocs/wp-content/themes/surge_zero/base.php(11): include()
#1 /mnt/storage/vhosts/kartingnortheast.com/httpdocs/wp-includes/template-loader.php(78): include('/mnt/storage/vh...')
#2 /mnt/storage/vhosts/kartingnortheast.com/httpdocs/wp-blog-header.php(19): require_once('/mnt/storage/vh...')
#3 /mnt/storage/vhosts/kartingnortheast.com/httpdocs/index.php(17): require('/mnt/storage/vh...')
#4 {main}
  thrown in /mnt/storage/vhosts/kartingnortheast.com/httpdocs/wp-content/themes/surge_zero/page-booking.php on line 61

2022-03-06T09:48:27+00:00 CRITICAL Uncaught Error: Call to a member function get_price() on bool in /mnt/storage/vhosts/kartingnortheast.com/httpdocs/wp-content/themes/surge_zero/page-booking.php:61
Stack trace:
#0 /mnt/storage/vhosts/kartingnortheast.com/httpdocs/wp-content/themes/surge_zero/base.php(11): include()
#1 /mnt/storage/vhosts/kartingnortheast.com/httpdocs/wp-includes/template-loader.php(78): include('/mnt/storage/vh...')
#2 /mnt/storage/vhosts/kartingnortheast.com/httpdocs/wp-blog-header.php(19): require_once('/mnt/storage/vh...')
#3 /mnt/storage/vhosts/kartingnortheast.com/httpdocs/index.php(17): require('/mnt/storage/vh...')
#4 {main}
  thrown in /mnt/storage/vhosts/kartingnortheast.com/httpdocs/wp-content/themes/surge_zero/page-booking.php on line 61

2022-03-06T09:48:28+00:00 CRITICAL Uncaught Error: Call to a member function get_price() on bool in /mnt/storage/vhosts/kartingnortheast.com/httpdocs/wp-content/themes/surge_zero/page-booking.php:61
Stack trace:
#0 /mnt/storage/vhosts/kartingnortheast.com/httpdocs/wp-content/themes/surge_zero/base.php(11): include()
#1 /mnt/storage/vhosts/kartingnortheast.com/httpdocs/wp-includes/template-loader.php(78): include('/mnt/storage/vh...')
#2 /mnt/storage/vhosts/kartingnortheast.com/httpdocs/wp-blog-header.php(19): require_once('/mnt/storage/vh...')
#3 /mnt/storage/vhosts/kartingnortheast.com/httpdocs/index.php(17): require('/mnt/storage/vh...')
#4 {main}
  thrown in /mnt/storage/vhosts/kartingnortheast.com/httpdocs/wp-content/themes/surge_zero/page-booking.php on line 61

2022-03-06T12:25:16+00:00 CRITICAL Uncaught Error: Call to a member function get_price() on bool in /mnt/storage/vhosts/kartingnortheast.com/httpdocs/wp-content/themes/surge_zero/page-booking.php:61
Stack trace:
#0 /mnt/storage/vhosts/kartingnortheast.com/httpdocs/wp-content/themes/surge_zero/base.php(11): include()
#1 /mnt/storage/vhosts/kartingnortheast.com/httpdocs/wp-includes/template-loader.php(78): include('/mnt/storage/vh...')
#2 /mnt/storage/vhosts/kartingnortheast.com/httpdocs/wp-blog-header.php(19): require_once('/mnt/storage/vh...')
#3 /mnt/storage/vhosts/kartingnortheast.com/httpdocs/index.php(17): require('/mnt/storage/vh...')
#4 {main}
  thrown in /mnt/storage/vhosts/kartingnortheast.com/httpdocs/wp-content/themes/surge_zero/page-booking.php on line 61

2022-03-06T12:25:16+00:00 CRITICAL Uncaught Error: Call to a member function get_price() on bool in /mnt/storage/vhosts/kartingnortheast.com/httpdocs/wp-content/themes/surge_zero/page-booking.php:61
Stack trace:
#0 /mnt/storage/vhosts/kartingnortheast.com/httpdocs/wp-content/themes/surge_zero/base.php(11): include()
#1 /mnt/storage/vhosts/kartingnortheast.com/httpdocs/wp-includes/template-loader.php(78): include('/mnt/storage/vh...')
#2 /mnt/storage/vhosts/kartingnortheast.com/httpdocs/wp-blog-header.php(19): require_once('/mnt/storage/vh...')
#3 /mnt/storage/vhosts/kartingnortheast.com/httpdocs/index.php(17): require('/mnt/storage/vh...')
#4 {main}
  thrown in /mnt/storage/vhosts/kartingnortheast.com/httpdocs/wp-content/themes/surge_zero/page-booking.php on line 61

