2022-03-01T08:52:53+00:00 CRITICAL Uncaught Error: Call to a member function get_price() on bool in /mnt/storage/vhosts/kartingnortheast.com/httpdocs/wp-content/themes/surge_zero/page-booking.php:61
Stack trace:
#0 /mnt/storage/vhosts/kartingnortheast.com/httpdocs/wp-content/themes/surge_zero/base.php(11): include()
#1 /mnt/storage/vhosts/kartingnortheast.com/httpdocs/wp-includes/template-loader.php(78): include('/mnt/storage/vh...')
#2 /mnt/storage/vhosts/kartingnortheast.com/httpdocs/wp-blog-header.php(19): require_once('/mnt/storage/vh...')
#3 /mnt/storage/vhosts/kartingnortheast.com/httpdocs/index.php(17): require('/mnt/storage/vh...')
#4 {main}
  thrown in /mnt/storage/vhosts/kartingnortheast.com/httpdocs/wp-content/themes/surge_zero/page-booking.php on line 61

2022-03-01T10:36:21+00:00 CRITICAL Uncaught Error: Call to a member function get_price() on bool in /mnt/storage/vhosts/kartingnortheast.com/httpdocs/wp-content/themes/surge_zero/page-booking.php:61
Stack trace:
#0 /mnt/storage/vhosts/kartingnortheast.com/httpdocs/wp-content/themes/surge_zero/base.php(11): include()
#1 /mnt/storage/vhosts/kartingnortheast.com/httpdocs/wp-includes/template-loader.php(78): include('/mnt/storage/vh...')
#2 /mnt/storage/vhosts/kartingnortheast.com/httpdocs/wp-blog-header.php(19): require_once('/mnt/storage/vh...')
#3 /mnt/storage/vhosts/kartingnortheast.com/httpdocs/index.php(17): require('/mnt/storage/vh...')
#4 {main}
  thrown in /mnt/storage/vhosts/kartingnortheast.com/httpdocs/wp-content/themes/surge_zero/page-booking.php on line 61

2022-03-01T11:38:07+00:00 CRITICAL Uncaught Error: Call to a member function get_price() on bool in /mnt/storage/vhosts/kartingnortheast.com/httpdocs/wp-content/themes/surge_zero/page-booking.php:61
Stack trace:
#0 /mnt/storage/vhosts/kartingnortheast.com/httpdocs/wp-content/themes/surge_zero/base.php(11): include()
#1 /mnt/storage/vhosts/kartingnortheast.com/httpdocs/wp-includes/template-loader.php(78): include('/mnt/storage/vh...')
#2 /mnt/storage/vhosts/kartingnortheast.com/httpdocs/wp-blog-header.php(19): require_once('/mnt/storage/vh...')
#3 /mnt/storage/vhosts/kartingnortheast.com/httpdocs/index.php(17): require('/mnt/storage/vh...')
#4 {main}
  thrown in /mnt/storage/vhosts/kartingnortheast.com/httpdocs/wp-content/themes/surge_zero/page-booking.php on line 61

2022-03-01T11:38:09+00:00 CRITICAL Uncaught Error: Call to a member function get_price() on bool in /mnt/storage/vhosts/kartingnortheast.com/httpdocs/wp-content/themes/surge_zero/page-booking.php:61
Stack trace:
#0 /mnt/storage/vhosts/kartingnortheast.com/httpdocs/wp-content/themes/surge_zero/base.php(11): include()
#1 /mnt/storage/vhosts/kartingnortheast.com/httpdocs/wp-includes/template-loader.php(78): include('/mnt/storage/vh...')
#2 /mnt/storage/vhosts/kartingnortheast.com/httpdocs/wp-blog-header.php(19): require_once('/mnt/storage/vh...')
#3 /mnt/storage/vhosts/kartingnortheast.com/httpdocs/index.php(17): require('/mnt/storage/vh...')
#4 {main}
  thrown in /mnt/storage/vhosts/kartingnortheast.com/httpdocs/wp-content/themes/surge_zero/page-booking.php on line 61

2022-03-01T18:54:27+00:00 CRITICAL Uncaught Error: Call to a member function get_price() on bool in /mnt/storage/vhosts/kartingnortheast.com/httpdocs/wp-content/themes/surge_zero/page-booking.php:61
Stack trace:
#0 /mnt/storage/vhosts/kartingnortheast.com/httpdocs/wp-content/themes/surge_zero/base.php(11): include()
#1 /mnt/storage/vhosts/kartingnortheast.com/httpdocs/wp-includes/template-loader.php(78): include('/mnt/storage/vh...')
#2 /mnt/storage/vhosts/kartingnortheast.com/httpdocs/wp-blog-header.php(19): require_once('/mnt/storage/vh...')
#3 /mnt/storage/vhosts/kartingnortheast.com/httpdocs/index.php(17): require('/mnt/storage/vh...')
#4 {main}
  thrown in /mnt/storage/vhosts/kartingnortheast.com/httpdocs/wp-content/themes/surge_zero/page-booking.php on line 61

2022-03-01T18:54:27+00:00 CRITICAL Uncaught Error: Call to a member function get_price() on bool in /mnt/storage/vhosts/kartingnortheast.com/httpdocs/wp-content/themes/surge_zero/page-booking.php:61
Stack trace:
#0 /mnt/storage/vhosts/kartingnortheast.com/httpdocs/wp-content/themes/surge_zero/base.php(11): include()
#1 /mnt/storage/vhosts/kartingnortheast.com/httpdocs/wp-includes/template-loader.php(78): include('/mnt/storage/vh...')
#2 /mnt/storage/vhosts/kartingnortheast.com/httpdocs/wp-blog-header.php(19): require_once('/mnt/storage/vh...')
#3 /mnt/storage/vhosts/kartingnortheast.com/httpdocs/index.php(17): require('/mnt/storage/vh...')
#4 {main}
  thrown in /mnt/storage/vhosts/kartingnortheast.com/httpdocs/wp-content/themes/surge_zero/page-booking.php on line 61

