2022-03-18T10:13:55+00:00 CRITICAL Uncaught Error: Call to a member function get_price() on bool in /mnt/storage/vhosts/kartingnortheast.com/httpdocs/wp-content/themes/surge_zero/page-booking.php:61
Stack trace:
#0 /mnt/storage/vhosts/kartingnortheast.com/httpdocs/wp-content/themes/surge_zero/base.php(11): include()
#1 /mnt/storage/vhosts/kartingnortheast.com/httpdocs/wp-includes/template-loader.php(78): include('/mnt/storage/vh...')
#2 /mnt/storage/vhosts/kartingnortheast.com/httpdocs/wp-blog-header.php(19): require_once('/mnt/storage/vh...')
#3 /mnt/storage/vhosts/kartingnortheast.com/httpdocs/index.php(17): require('/mnt/storage/vh...')
#4 {main}
  thrown in /mnt/storage/vhosts/kartingnortheast.com/httpdocs/wp-content/themes/surge_zero/page-booking.php on line 61

2022-03-18T10:13:57+00:00 CRITICAL Uncaught Error: Call to a member function get_price() on bool in /mnt/storage/vhosts/kartingnortheast.com/httpdocs/wp-content/themes/surge_zero/page-booking.php:61
Stack trace:
#0 /mnt/storage/vhosts/kartingnortheast.com/httpdocs/wp-content/themes/surge_zero/base.php(11): include()
#1 /mnt/storage/vhosts/kartingnortheast.com/httpdocs/wp-includes/template-loader.php(78): include('/mnt/storage/vh...')
#2 /mnt/storage/vhosts/kartingnortheast.com/httpdocs/wp-blog-header.php(19): require_once('/mnt/storage/vh...')
#3 /mnt/storage/vhosts/kartingnortheast.com/httpdocs/index.php(17): require('/mnt/storage/vh...')
#4 {main}
  thrown in /mnt/storage/vhosts/kartingnortheast.com/httpdocs/wp-content/themes/surge_zero/page-booking.php on line 61

2022-03-18T11:00:22+00:00 CRITICAL Uncaught Error: Call to a member function get_price() on bool in /mnt/storage/vhosts/kartingnortheast.com/httpdocs/wp-content/themes/surge_zero/page-booking.php:61
Stack trace:
#0 /mnt/storage/vhosts/kartingnortheast.com/httpdocs/wp-content/themes/surge_zero/base.php(11): include()
#1 /mnt/storage/vhosts/kartingnortheast.com/httpdocs/wp-includes/template-loader.php(78): include('/mnt/storage/vh...')
#2 /mnt/storage/vhosts/kartingnortheast.com/httpdocs/wp-blog-header.php(19): require_once('/mnt/storage/vh...')
#3 /mnt/storage/vhosts/kartingnortheast.com/httpdocs/index.php(17): require('/mnt/storage/vh...')
#4 {main}
  thrown in /mnt/storage/vhosts/kartingnortheast.com/httpdocs/wp-content/themes/surge_zero/page-booking.php on line 61

2022-03-18T11:00:22+00:00 CRITICAL Uncaught Error: Call to a member function get_price() on bool in /mnt/storage/vhosts/kartingnortheast.com/httpdocs/wp-content/themes/surge_zero/page-booking.php:61
Stack trace:
#0 /mnt/storage/vhosts/kartingnortheast.com/httpdocs/wp-content/themes/surge_zero/base.php(11): include()
#1 /mnt/storage/vhosts/kartingnortheast.com/httpdocs/wp-includes/template-loader.php(78): include('/mnt/storage/vh...')
#2 /mnt/storage/vhosts/kartingnortheast.com/httpdocs/wp-blog-header.php(19): require_once('/mnt/storage/vh...')
#3 /mnt/storage/vhosts/kartingnortheast.com/httpdocs/index.php(17): require('/mnt/storage/vh...')
#4 {main}
  thrown in /mnt/storage/vhosts/kartingnortheast.com/httpdocs/wp-content/themes/surge_zero/page-booking.php on line 61

2022-03-18T11:00:24+00:00 CRITICAL Uncaught Error: Call to a member function get_price() on bool in /mnt/storage/vhosts/kartingnortheast.com/httpdocs/wp-content/themes/surge_zero/page-booking.php:61
Stack trace:
#0 /mnt/storage/vhosts/kartingnortheast.com/httpdocs/wp-content/themes/surge_zero/base.php(11): include()
#1 /mnt/storage/vhosts/kartingnortheast.com/httpdocs/wp-includes/template-loader.php(78): include('/mnt/storage/vh...')
#2 /mnt/storage/vhosts/kartingnortheast.com/httpdocs/wp-blog-header.php(19): require_once('/mnt/storage/vh...')
#3 /mnt/storage/vhosts/kartingnortheast.com/httpdocs/index.php(17): require('/mnt/storage/vh...')
#4 {main}
  thrown in /mnt/storage/vhosts/kartingnortheast.com/httpdocs/wp-content/themes/surge_zero/page-booking.php on line 61

2022-03-18T11:00:25+00:00 CRITICAL Uncaught Error: Call to a member function get_price() on bool in /mnt/storage/vhosts/kartingnortheast.com/httpdocs/wp-content/themes/surge_zero/page-booking.php:61
Stack trace:
#0 /mnt/storage/vhosts/kartingnortheast.com/httpdocs/wp-content/themes/surge_zero/base.php(11): include()
#1 /mnt/storage/vhosts/kartingnortheast.com/httpdocs/wp-includes/template-loader.php(78): include('/mnt/storage/vh...')
#2 /mnt/storage/vhosts/kartingnortheast.com/httpdocs/wp-blog-header.php(19): require_once('/mnt/storage/vh...')
#3 /mnt/storage/vhosts/kartingnortheast.com/httpdocs/index.php(17): require('/mnt/storage/vh...')
#4 {main}
  thrown in /mnt/storage/vhosts/kartingnortheast.com/httpdocs/wp-content/themes/surge_zero/page-booking.php on line 61

2022-03-18T11:00:26+00:00 CRITICAL Uncaught Error: Call to a member function get_price() on bool in /mnt/storage/vhosts/kartingnortheast.com/httpdocs/wp-content/themes/surge_zero/page-booking.php:61
Stack trace:
#0 /mnt/storage/vhosts/kartingnortheast.com/httpdocs/wp-content/themes/surge_zero/base.php(11): include()
#1 /mnt/storage/vhosts/kartingnortheast.com/httpdocs/wp-includes/template-loader.php(78): include('/mnt/storage/vh...')
#2 /mnt/storage/vhosts/kartingnortheast.com/httpdocs/wp-blog-header.php(19): require_once('/mnt/storage/vh...')
#3 /mnt/storage/vhosts/kartingnortheast.com/httpdocs/index.php(17): require('/mnt/storage/vh...')
#4 {main}
  thrown in /mnt/storage/vhosts/kartingnortheast.com/httpdocs/wp-content/themes/surge_zero/page-booking.php on line 61

2022-03-18T11:00:26+00:00 CRITICAL Uncaught Error: Call to a member function get_price() on bool in /mnt/storage/vhosts/kartingnortheast.com/httpdocs/wp-content/themes/surge_zero/page-booking.php:61
Stack trace:
#0 /mnt/storage/vhosts/kartingnortheast.com/httpdocs/wp-content/themes/surge_zero/base.php(11): include()
#1 /mnt/storage/vhosts/kartingnortheast.com/httpdocs/wp-includes/template-loader.php(78): include('/mnt/storage/vh...')
#2 /mnt/storage/vhosts/kartingnortheast.com/httpdocs/wp-blog-header.php(19): require_once('/mnt/storage/vh...')
#3 /mnt/storage/vhosts/kartingnortheast.com/httpdocs/index.php(17): require('/mnt/storage/vh...')
#4 {main}
  thrown in /mnt/storage/vhosts/kartingnortheast.com/httpdocs/wp-content/themes/surge_zero/page-booking.php on line 61

2022-03-18T12:23:33+00:00 CRITICAL Uncaught Error: Call to a member function get_price() on bool in /mnt/storage/vhosts/kartingnortheast.com/httpdocs/wp-content/themes/surge_zero/page-booking.php:61
Stack trace:
#0 /mnt/storage/vhosts/kartingnortheast.com/httpdocs/wp-content/themes/surge_zero/base.php(11): include()
#1 /mnt/storage/vhosts/kartingnortheast.com/httpdocs/wp-includes/template-loader.php(78): include('/mnt/storage/vh...')
#2 /mnt/storage/vhosts/kartingnortheast.com/httpdocs/wp-blog-header.php(19): require_once('/mnt/storage/vh...')
#3 /mnt/storage/vhosts/kartingnortheast.com/httpdocs/index.php(17): require('/mnt/storage/vh...')
#4 {main}
  thrown in /mnt/storage/vhosts/kartingnortheast.com/httpdocs/wp-content/themes/surge_zero/page-booking.php on line 61

2022-03-18T12:23:33+00:00 CRITICAL Uncaught Error: Call to a member function get_price() on bool in /mnt/storage/vhosts/kartingnortheast.com/httpdocs/wp-content/themes/surge_zero/page-booking.php:61
Stack trace:
#0 /mnt/storage/vhosts/kartingnortheast.com/httpdocs/wp-content/themes/surge_zero/base.php(11): include()
#1 /mnt/storage/vhosts/kartingnortheast.com/httpdocs/wp-includes/template-loader.php(78): include('/mnt/storage/vh...')
#2 /mnt/storage/vhosts/kartingnortheast.com/httpdocs/wp-blog-header.php(19): require_once('/mnt/storage/vh...')
#3 /mnt/storage/vhosts/kartingnortheast.com/httpdocs/index.php(17): require('/mnt/storage/vh...')
#4 {main}
  thrown in /mnt/storage/vhosts/kartingnortheast.com/httpdocs/wp-content/themes/surge_zero/page-booking.php on line 61

2022-03-18T18:11:11+00:00 CRITICAL Uncaught Error: Call to a member function get_price() on bool in /mnt/storage/vhosts/kartingnortheast.com/httpdocs/wp-content/themes/surge_zero/page-booking.php:61
Stack trace:
#0 /mnt/storage/vhosts/kartingnortheast.com/httpdocs/wp-content/themes/surge_zero/base.php(11): include()
#1 /mnt/storage/vhosts/kartingnortheast.com/httpdocs/wp-includes/template-loader.php(78): include('/mnt/storage/vh...')
#2 /mnt/storage/vhosts/kartingnortheast.com/httpdocs/wp-blog-header.php(19): require_once('/mnt/storage/vh...')
#3 /mnt/storage/vhosts/kartingnortheast.com/httpdocs/index.php(17): require('/mnt/storage/vh...')
#4 {main}
  thrown in /mnt/storage/vhosts/kartingnortheast.com/httpdocs/wp-content/themes/surge_zero/page-booking.php on line 61

2022-03-18T18:11:40+00:00 CRITICAL Uncaught Error: Call to a member function get_price() on bool in /mnt/storage/vhosts/kartingnortheast.com/httpdocs/wp-content/themes/surge_zero/page-booking.php:61
Stack trace:
#0 /mnt/storage/vhosts/kartingnortheast.com/httpdocs/wp-content/themes/surge_zero/base.php(11): include()
#1 /mnt/storage/vhosts/kartingnortheast.com/httpdocs/wp-includes/template-loader.php(78): include('/mnt/storage/vh...')
#2 /mnt/storage/vhosts/kartingnortheast.com/httpdocs/wp-blog-header.php(19): require_once('/mnt/storage/vh...')
#3 /mnt/storage/vhosts/kartingnortheast.com/httpdocs/index.php(17): require('/mnt/storage/vh...')
#4 {main}
  thrown in /mnt/storage/vhosts/kartingnortheast.com/httpdocs/wp-content/themes/surge_zero/page-booking.php on line 61

2022-03-18T19:32:02+00:00 CRITICAL Uncaught Error: Call to a member function get_price() on bool in /mnt/storage/vhosts/kartingnortheast.com/httpdocs/wp-content/themes/surge_zero/page-booking.php:61
Stack trace:
#0 /mnt/storage/vhosts/kartingnortheast.com/httpdocs/wp-content/themes/surge_zero/base.php(11): include()
#1 /mnt/storage/vhosts/kartingnortheast.com/httpdocs/wp-includes/template-loader.php(78): include('/mnt/storage/vh...')
#2 /mnt/storage/vhosts/kartingnortheast.com/httpdocs/wp-blog-header.php(19): require_once('/mnt/storage/vh...')
#3 /mnt/storage/vhosts/kartingnortheast.com/httpdocs/index.php(17): require('/mnt/storage/vh...')
#4 {main}
  thrown in /mnt/storage/vhosts/kartingnortheast.com/httpdocs/wp-content/themes/surge_zero/page-booking.php on line 61

2022-03-18T19:32:02+00:00 CRITICAL Uncaught Error: Call to a member function get_price() on bool in /mnt/storage/vhosts/kartingnortheast.com/httpdocs/wp-content/themes/surge_zero/page-booking.php:61
Stack trace:
#0 /mnt/storage/vhosts/kartingnortheast.com/httpdocs/wp-content/themes/surge_zero/base.php(11): include()
#1 /mnt/storage/vhosts/kartingnortheast.com/httpdocs/wp-includes/template-loader.php(78): include('/mnt/storage/vh...')
#2 /mnt/storage/vhosts/kartingnortheast.com/httpdocs/wp-blog-header.php(19): require_once('/mnt/storage/vh...')
#3 /mnt/storage/vhosts/kartingnortheast.com/httpdocs/index.php(17): require('/mnt/storage/vh...')
#4 {main}
  thrown in /mnt/storage/vhosts/kartingnortheast.com/httpdocs/wp-content/themes/surge_zero/page-booking.php on line 61

