03-07-2022 @ 09:58:18 - 
03-07-2022 @ 09:58:18 - =============================================
03-07-2022 @ 09:58:18 - 
03-07-2022 @ 09:58:18 - SagePay Log
03-07-2022 @ 09:58:18 - 07 Mar 2022, 09:58:18
03-07-2022 @ 09:58:18 - 
03-07-2022 @ 09:58:18 - =============================================
03-07-2022 @ 09:58:18 - Sent to Opayo : 
03-07-2022 @ 09:58:18 - Array
(
    [DATA] => Array
        (
            [VPSProtocol] => 4.00
            [TxType] => PAYMENT
            [Vendor] => kartingnortheas
            [VendorTxCode] => kne_wc_6225d739c7cf7-21235-b2bfbeec39529
            [Amount] => 689.00
            [Currency] => GBP
            [Description] => Order 21235
            [BillingSurname] => Dodds
            [BillingFirstnames] => Simon
            [BillingCompany] => 
            [BillingAddress1] => 11 Lismore Gardens
            [BillingAddress2] => 
            [BillingCity] => Stockton
            [BillingPostCode] => TS17 8GP
            [BillingCountry] => GB
            [BillingState] => 
            [BillingPhone] => 07342027083
            [DeliverySurname] => Dodds
            [DeliveryFirstnames] => Simon
            [DeliveryAddress1] => 11 Lismore Gardens
            [DeliveryAddress2] => 
            [DeliveryCity] => Stockton
            [DeliveryPostCode] => TS17 8GP
            [DeliveryCountry] => GB
            [DeliveryState] => 
            [DeliveryPhone] => 07342027083
            [CustomerEMail] => simon.dodds@sseenergyservices.com
            [ClientIPAddress] => 31.72.14.53
            [AccountType] => E
            [ReferrerID] => F4D0E135-F056-449E-99E0-EC59917923E1
            [Website] => https://kartingnortheast.com
            [BrowserJavascriptEnabled] => 1
            [BrowserJavaEnabled] => 0
            [BrowserColorDepth] => 24
            [BrowserScreenHeight] => 1050
            [BrowserScreenWidth] => 1680
            [BrowserTZ] => 0
            [BrowserAcceptHeader] => application/json, text/javascript, */*; q=0.01
            [BrowserLanguage] => en-GB
            [BrowserUserAgent] => Mozilla/5.0 (Windows NT 10.0; Win64; x64) AppleWebKit/537.36 (KHTML, like Gecko) Chrome/99.0.4844.51 Safari/537.36
            [ThreeDSNotificationURL] => https://kartingnortheast.com/checkout/order-pay/21235/?key=wc_order_6225d739c7cf7&threedsecure=kne_wc_6225d739c7cf7-21235-b2bfbeec39529
            [ChallengeWindowSize] => 05
            [TransType] => 01
            [VendorData] => 
            [CardHolder] => Simon Dodds
            [CardNumber] => 4659********2443
            [ExpiryDate] => 0425
            [CV2] => ***
            [CardType] => DELTA
            [ApplyAVSCV2] => 0
            [Apply3DSecure] => 0
        )

    [URL] => https://live.sagepay.com/gateway/service/vspdirect-register.vsp
)

03-07-2022 @ 09:58:18 - =============================================
03-07-2022 @ 09:58:19 - =============================================
03-07-2022 @ 09:58:19 - Opayo Direct Return : 
03-07-2022 @ 09:58:19 - VPSProtocol=4.00
Status=3DAUTH
StatusDetail=2021 : Please redirect your customer to the ACSURL, passing CReq.
VPSTxId={6686E8D9-E81C-ECC3-CF29-29FD33396C26}
3DSecureStatus=OK
ACSURL=https://secure5.arcot.com/content-server/api/tds2/txn/browser/v1/creq
CReq=ewogICJtZXNzYWdlVHlwZSIgOiAiQ1JlcSIsCiAgIm1lc3NhZ2VWZXJzaW9uIiA6ICIyLjIuMCIsCiAgInRocmVlRFNTZXJ2ZXJUcmFuc0lEIiA6ICIzMGQyNDEyOC1kM2Q1LTRiYmQtYjE4Yi1jNWE0MGRkNmRkNDIiLAogICJhY3NUcmFuc0lEIiA6ICI4Yjk4ZmVjNS1iMzM2LTRiNzQtYTExNC1iMmUxM2U4NzE1YzEiLAogICJjaGFsbGVuZ2VXaW5kb3dTaXplIiA6ICIwNSIKfQ
ACSTransID=8b98fec5-b336-4b74-a114-b2e13e8715c1
DSTransID=22588eca-15f7-47f1-8985-c57b0c656539
03-07-2022 @ 09:58:19 - =============================================
03-07-2022 @ 10:00:11 - 
03-07-2022 @ 10:00:11 - =============================================
03-07-2022 @ 10:00:11 - 
03-07-2022 @ 10:00:11 - SagePay Log
03-07-2022 @ 10:00:11 - 07 Mar 2022, 10:00:11
03-07-2022 @ 10:00:11 - 
03-07-2022 @ 10:00:11 - =============================================
03-07-2022 @ 10:00:11 - Sent to Opayo : 
03-07-2022 @ 10:00:11 - Array
(
    [DATA] => Array
        (
            [CRes] => eyJ0aHJlZURTU2VydmVyVHJhbnNJRCI6IjMwZDI0MTI4LWQzZDUtNGJiZC1iMThiLWM1YTQwZGQ2ZGQ0MiIsImFjc1RyYW5zSUQiOiI4Yjk4ZmVjNS1iMzM2LTRiNzQtYTExNC1iMmUxM2U4NzE1YzEiLCJtZXNzYWdlVHlwZSI6IkNSZXMiLCJtZXNzYWdlVmVyc2lvbiI6IjIuMi4wIiwidHJhbnNTdGF0dXMiOiJZIn0
            [VPSTxId] => {6686E8D9-E81C-ECC3-CF29-29FD33396C26}
        )

    [URL] => https://live.sagepay.com/gateway/service/direct3dcallback.vsp
)

03-07-2022 @ 10:00:11 - =============================================
03-07-2022 @ 10:00:12 - =============================================
03-07-2022 @ 10:00:12 - Opayo Direct Return : 
03-07-2022 @ 10:00:12 - VPSProtocol=4.00
Status=OK
StatusDetail=0000 : The Authorisation was Successful.
VPSTxId={6686E8D9-E81C-ECC3-CF29-29FD33396C26}
SecurityKey=GZGTS2MYC9
TxAuthNo=813107366
AVSCV2=ALL MATCH
AddressResult=MATCHED
PostCodeResult=MATCHED
CV2Result=MATCHED
3DSecureStatus=OK
CAVV=AAgBB1NCJgAAAQ0kgmBmdQAAAAA=
DeclineCode=00
ExpiryDate=0425
BankAuthCode=000836
ACSTransID=8b98fec5-b336-4b74-a114-b2e13e8715c1
DSTransID=22588eca-15f7-47f1-8985-c57b0c656539
SchemeTraceID=482066360121149
03-07-2022 @ 10:00:12 - =============================================
03-07-2022 @ 11:17:17 - 
03-07-2022 @ 11:17:17 - =============================================
03-07-2022 @ 11:17:17 - 
03-07-2022 @ 11:17:17 - SagePay Log
03-07-2022 @ 11:17:17 - 07 Mar 2022, 11:17:17
03-07-2022 @ 11:17:17 - 
03-07-2022 @ 11:17:17 - =============================================
03-07-2022 @ 11:17:17 - Sent to Opayo : 
03-07-2022 @ 11:17:17 - Array
(
    [DATA] => Array
        (
            [VPSProtocol] => 4.00
            [TxType] => PAYMENT
            [Vendor] => kartingnortheas
            [VendorTxCode] => kne_wc_6225e9bccb797-21237-041ab42c2332f
            [Amount] => 424.00
            [Currency] => GBP
            [Description] => Order 21237
            [BillingSurname] => Andreasen
            [BillingFirstnames] => Louis
            [BillingCompany] => 
            [BillingAddress1] => 141 Southside Apartments
            [BillingAddress2] => 
            [BillingCity] => Birmingham
            [BillingPostCode] => B5 4TH
            [BillingCountry] => GB
            [BillingState] => 
            [BillingPhone] => 07521213187
            [DeliverySurname] => Andreasen
            [DeliveryFirstnames] => Louis
            [DeliveryAddress1] => 141 Southside Apartments
            [DeliveryAddress2] => 
            [DeliveryCity] => Birmingham
            [DeliveryPostCode] => B5 4TH
            [DeliveryCountry] => GB
            [DeliveryState] => 
            [DeliveryPhone] => 07521213187
            [CustomerEMail] => louisandreasen@mailbox.org
            [ClientIPAddress] => 185.248.85.60
            [AccountType] => E
            [ReferrerID] => F4D0E135-F056-449E-99E0-EC59917923E1
            [Website] => https://kartingnortheast.com
            [BrowserJavascriptEnabled] => 1
            [BrowserJavaEnabled] => 0
            [BrowserColorDepth] => 24
            [BrowserScreenHeight] => 768
            [BrowserScreenWidth] => 1366
            [BrowserTZ] => 0
            [BrowserAcceptHeader] => application/json, text/javascript, */*; q=0.01
            [BrowserLanguage] => en-GB
            [BrowserUserAgent] => Mozilla/5.0 (Macintosh; Intel Mac OS X 10.15; rv:91.0) Gecko/20100101 Firefox/91.0
            [ThreeDSNotificationURL] => https://kartingnortheast.com/checkout/order-pay/21237/?key=wc_order_6225e9bccb797&threedsecure=kne_wc_6225e9bccb797-21237-041ab42c2332f
            [ChallengeWindowSize] => 05
            [TransType] => 01
            [VendorData] => 
            [CardHolder] => Louis Andreasen
            [CardNumber] => 5356********2368
            [ExpiryDate] => 0425
            [CV2] => ***
            [CardType] => MCDEBIT
            [ApplyAVSCV2] => 0
            [Apply3DSecure] => 0
        )

    [URL] => https://live.sagepay.com/gateway/service/vspdirect-register.vsp
)

03-07-2022 @ 11:17:17 - =============================================
03-07-2022 @ 11:17:20 - =============================================
03-07-2022 @ 11:17:20 - Opayo Direct Return : 
03-07-2022 @ 11:17:20 - VPSProtocol=4.00
Status=3DAUTH
StatusDetail=2021 : Please redirect your customer to the ACSURL, passing CReq.
VPSTxId={F684440E-4192-64D1-8484-67ED5A7CCB64}
3DSecureStatus=OK
ACSURL=https://secure4.arcot.com/content-server/api/tds2/txn/browser/v1/creq
CReq=ewogICJtZXNzYWdlVHlwZSIgOiAiQ1JlcSIsCiAgIm1lc3NhZ2VWZXJzaW9uIiA6ICIyLjEuMCIsCiAgInRocmVlRFNTZXJ2ZXJUcmFuc0lEIiA6ICJhNzYyYTUzYi01ZWExLTRjNzAtOGZmYi1lOTg0MTE3YjI3MDQiLAogICJhY3NUcmFuc0lEIiA6ICJjYTBjODk5NC1mY2RmLTRmMDctODNmYy1lZTQ4M2VkOTBlYmYiLAogICJjaGFsbGVuZ2VXaW5kb3dTaXplIiA6ICIwNSIKfQ
ACSTransID=ca0c8994-fcdf-4f07-83fc-ee483ed90ebf
DSTransID=6f1cbc00-cafd-43d5-ab22-875ad7e4559d
03-07-2022 @ 11:17:20 - =============================================
03-07-2022 @ 11:17:43 - 
03-07-2022 @ 11:17:43 - =============================================
03-07-2022 @ 11:17:43 - 
03-07-2022 @ 11:17:43 - SagePay Log
03-07-2022 @ 11:17:43 - 07 Mar 2022, 11:17:43
03-07-2022 @ 11:17:43 - 
03-07-2022 @ 11:17:43 - =============================================
03-07-2022 @ 11:17:43 - Sent to Opayo : 
03-07-2022 @ 11:17:43 - Array
(
    [DATA] => Array
        (
            [CRes] => eyJ0aHJlZURTU2VydmVyVHJhbnNJRCI6ImE3NjJhNTNiLTVlYTEtNGM3MC04ZmZiLWU5ODQxMTdiMjcwNCIsImFjc1RyYW5zSUQiOiJjYTBjODk5NC1mY2RmLTRmMDctODNmYy1lZTQ4M2VkOTBlYmYiLCJtZXNzYWdlVHlwZSI6IkNSZXMiLCJtZXNzYWdlVmVyc2lvbiI6IjIuMS4wIiwidHJhbnNTdGF0dXMiOiJZIn0
            [VPSTxId] => {F684440E-4192-64D1-8484-67ED5A7CCB64}
        )

    [URL] => https://live.sagepay.com/gateway/service/direct3dcallback.vsp
)

03-07-2022 @ 11:17:43 - =============================================
03-07-2022 @ 11:17:45 - =============================================
03-07-2022 @ 11:17:45 - Opayo Direct Return : 
03-07-2022 @ 11:17:45 - VPSProtocol=4.00
Status=OK
StatusDetail=0000 : The Authorisation was Successful.
VPSTxId={F684440E-4192-64D1-8484-67ED5A7CCB64}
SecurityKey=B1Z4UPTOU5
TxAuthNo=813189304
AVSCV2=ALL MATCH
AddressResult=MATCHED
PostCodeResult=MATCHED
CV2Result=MATCHED
3DSecureStatus=OK
CAVV=kBN4kebjULpAPkNCeFWJqIJh4HOv
DeclineCode=00
ExpiryDate=0425
BankAuthCode=227290
ACSTransID=ca0c8994-fcdf-4f07-83fc-ee483ed90ebf
DSTransID=6f1cbc00-cafd-43d5-ab22-875ad7e4559d
SchemeTraceID=MDS2A5UF10307  
03-07-2022 @ 11:17:45 - =============================================
03-07-2022 @ 15:17:52 - 
03-07-2022 @ 15:17:52 - =============================================
03-07-2022 @ 15:17:52 - 
03-07-2022 @ 15:17:52 - SagePay Log
03-07-2022 @ 15:17:52 - 07 Mar 2022, 15:17:52
03-07-2022 @ 15:17:52 - 
03-07-2022 @ 15:17:52 - =============================================
03-07-2022 @ 15:17:52 - Sent to Opayo : 
03-07-2022 @ 15:17:52 - Array
(
    [DATA] => Array
        (
            [VPSProtocol] => 4.00
            [TxType] => PAYMENT
            [Vendor] => kartingnortheas
            [VendorTxCode] => kne_wc_6226221fbed7c-21239-8d058cf0eb407
            [Amount] => 43.00
            [Currency] => GBP
            [Description] => Order 21239
            [BillingSurname] => Thwaites
            [BillingFirstnames] => Adam
            [BillingCompany] => 
            [BillingAddress1] => 20 Westcliffe Road
            [BillingAddress2] => 
            [BillingCity] => Sunderland
            [BillingPostCode] => SR6 9NW
            [BillingCountry] => GB
            [BillingState] => 
            [BillingPhone] => 07393669214
            [DeliverySurname] => Thwaites
            [DeliveryFirstnames] => Adam
            [DeliveryAddress1] => 20 Westcliffe Road
            [DeliveryAddress2] => 
            [DeliveryCity] => Sunderland
            [DeliveryPostCode] => SR6 9NW
            [DeliveryCountry] => GB
            [DeliveryState] => 
            [DeliveryPhone] => 07393669214
            [CustomerEMail] => adam.thwaites993@gmail.com
            [ClientIPAddress] => 5.80.114.51
            [AccountType] => E
            [ReferrerID] => F4D0E135-F056-449E-99E0-EC59917923E1
            [Website] => https://kartingnortheast.com
            [BrowserJavascriptEnabled] => 1
            [BrowserJavaEnabled] => 0
            [BrowserColorDepth] => 24
            [BrowserScreenHeight] => 900
            [BrowserScreenWidth] => 1440
            [BrowserTZ] => 0
            [BrowserAcceptHeader] => application/json, text/javascript, */*; q=0.01
            [BrowserLanguage] => en-GB
            [BrowserUserAgent] => Mozilla/5.0 (Macintosh; Intel Mac OS X 10_15_7) AppleWebKit/605.1.15 (KHTML, like Gecko) Version/15.2 Safari/605.1.15
            [ThreeDSNotificationURL] => https://kartingnortheast.com/checkout/order-pay/21239/?key=wc_order_6226221fbed7c&threedsecure=kne_wc_6226221fbed7c-21239-8d058cf0eb407
            [ChallengeWindowSize] => 05
            [TransType] => 01
            [VendorData] => 
            [CardHolder] => Adam Thwaites
            [CardNumber] => 5356********7142
            [ExpiryDate] => 1024
            [CV2] => ***
            [CardType] => MC
            [ApplyAVSCV2] => 0
            [Apply3DSecure] => 0
        )

    [URL] => https://live.sagepay.com/gateway/service/vspdirect-register.vsp
)

03-07-2022 @ 15:17:52 - =============================================
03-07-2022 @ 15:17:56 - =============================================
03-07-2022 @ 15:17:56 - Opayo Direct Return : 
03-07-2022 @ 15:17:56 - VPSProtocol=4.00
Status=OK
StatusDetail=0000 : The Authorisation was Successful.
VPSTxId={581C93CD-7B41-983E-64C5-33333878508D}
SecurityKey=5VC8CA6TP9
TxAuthNo=813416387
AVSCV2=ALL MATCH
AddressResult=MATCHED
PostCodeResult=MATCHED
CV2Result=MATCHED
3DSecureStatus=OK
CAVV=kAMUUffWPJdYVhDMeFWJqIJheBK6
DeclineCode=00
ExpiryDate=1024
BankAuthCode=735646
ACSTransID=ef34501d-aa4b-45bd-b494-8c68829f672b
DSTransID=4314e690-0dfe-46fc-a40d-813bae77d85c
SchemeTraceID=MDSZ75T6C0307  
03-07-2022 @ 15:17:56 - =============================================
03-07-2022 @ 15:47:13 - 
03-07-2022 @ 15:47:13 - =============================================
03-07-2022 @ 15:47:13 - 
03-07-2022 @ 15:47:13 - SagePay Log
03-07-2022 @ 15:47:13 - 07 Mar 2022, 15:47:13
03-07-2022 @ 15:47:13 - 
03-07-2022 @ 15:47:13 - =============================================
03-07-2022 @ 15:47:13 - Sent to Opayo : 
03-07-2022 @ 15:47:13 - Array
(
    [DATA] => Array
        (
            [VPSProtocol] => 4.00
            [TxType] => PAYMENT
            [Vendor] => kartingnortheas
            [VendorTxCode] => kne_wc_6226290123cd0-21242-50998de37a5cf
            [Amount] => 172.00
            [Currency] => GBP
            [Description] => Order 21242
            [BillingSurname] => Momeni
            [BillingFirstnames] => Fereshte
            [BillingCompany] => 
            [BillingAddress1] => 3 Bromley close
            [BillingAddress2] => 
            [BillingCity] => Durham
            [BillingPostCode] => DH1 2TZ
            [BillingCountry] => GB
            [BillingState] => 
            [BillingPhone] => 07847841195
            [DeliverySurname] => Momeni
            [DeliveryFirstnames] => Fereshte
            [DeliveryAddress1] => 3 Bromley close
            [DeliveryAddress2] => 
            [DeliveryCity] => Durham
            [DeliveryPostCode] => DH1 2TZ
            [DeliveryCountry] => GB
            [DeliveryState] => 
            [DeliveryPhone] => 07847841195
            [CustomerEMail] => sha_jab@yahoo.con
            [ClientIPAddress] => 31.124.249.229
            [AccountType] => E
            [ReferrerID] => F4D0E135-F056-449E-99E0-EC59917923E1
            [Website] => https://kartingnortheast.com
            [BrowserJavascriptEnabled] => 1
            [BrowserJavaEnabled] => 0
            [BrowserColorDepth] => 32
            [BrowserScreenHeight] => 812
            [BrowserScreenWidth] => 375
            [BrowserTZ] => 0
            [BrowserAcceptHeader] => application/json, text/javascript, */*; q=0.01
            [BrowserLanguage] => en-GB
            [BrowserUserAgent] => Mozilla/5.0 (iPhone; CPU iPhone OS 15_0 like Mac OS X) AppleWebKit/605.1.15 (KHTML, like Gecko) GSA/200.0.429445193 Mobile/15E148 Safari/604.1
            [ThreeDSNotificationURL] => https://kartingnortheast.com/checkout/order-pay/21242/?key=wc_order_6226290123cd0&threedsecure=kne_wc_6226290123cd0-21242-50998de37a5cf
            [ChallengeWindowSize] => 02
            [TransType] => 01
            [VendorData] => 
            [CardHolder] => Fereshte Momeni
            [CardNumber] => 4921********6877
            [ExpiryDate] => 0725
            [CV2] => ***
            [CardType] => DELTA
            [ApplyAVSCV2] => 0
            [Apply3DSecure] => 0
        )

    [URL] => https://live.sagepay.com/gateway/service/vspdirect-register.vsp
)

03-07-2022 @ 15:47:13 - =============================================
03-07-2022 @ 15:47:14 - =============================================
03-07-2022 @ 15:47:14 - Opayo Direct Return : 
03-07-2022 @ 15:47:14 - VPSProtocol=4.00
Status=OK
StatusDetail=0000 : The Authorisation was Successful.
VPSTxId={27E75375-C45E-DC58-12C6-94245319A2A9}
SecurityKey=A03KNQBLGM
TxAuthNo=813444335
AVSCV2=ALL MATCH
AddressResult=MATCHED
PostCodeResult=MATCHED
CV2Result=MATCHED
3DSecureStatus=OK
CAVV=AJkBBYNSmQAAAEMwgmBmdQAAAAA=
DeclineCode=00
ExpiryDate=0725
BankAuthCode=007804
ACSTransID=ba237e78-6dd7-4566-96a9-ba58829c26f4
DSTransID=fd7292c1-86ee-4d74-97c7-e5b1c035742c
SchemeTraceID=482066568345706
03-07-2022 @ 15:47:14 - =============================================
03-07-2022 @ 17:24:15 - 
03-07-2022 @ 17:24:15 - =============================================
03-07-2022 @ 17:24:15 - 
03-07-2022 @ 17:24:15 - SagePay Log
03-07-2022 @ 17:24:15 - 07 Mar 2022, 17:24:15
03-07-2022 @ 17:24:15 - 
03-07-2022 @ 17:24:15 - =============================================
03-07-2022 @ 17:24:15 - Sent to Opayo : 
03-07-2022 @ 17:24:15 - Array
(
    [DATA] => Array
        (
            [VPSProtocol] => 4.00
            [TxType] => PAYMENT
            [Vendor] => kartingnortheas
            [VendorTxCode] => kne_wc_62263fbed2355-21245-900a5d61b3592
            [Amount] => 86.00
            [Currency] => GBP
            [Description] => Order 21245
            [BillingSurname] => Thornhill
            [BillingFirstnames] => Scot
            [BillingCompany] => 
            [BillingAddress1] => 32 Bromwich rd
            [BillingAddress2] => 
            [BillingCity] => SHEFFIELD
            [BillingPostCode] => S8 0GF
            [BillingCountry] => GB
            [BillingState] => 
            [BillingPhone] => 07939148445
            [DeliverySurname] => Thornhill
            [DeliveryFirstnames] => Scot
            [DeliveryAddress1] => 32 Bromwich rd
            [DeliveryAddress2] => 
            [DeliveryCity] => SHEFFIELD
            [DeliveryPostCode] => S8 0GF
            [DeliveryCountry] => GB
            [DeliveryState] => 
            [DeliveryPhone] => 07939148445
            [CustomerEMail] => scotladthornhill@gmail.com
            [ClientIPAddress] => 109.249.189.233
            [AccountType] => E
            [ReferrerID] => F4D0E135-F056-449E-99E0-EC59917923E1
            [Website] => https://kartingnortheast.com
            [BrowserJavascriptEnabled] => 1
            [BrowserJavaEnabled] => 0
            [BrowserColorDepth] => 24
            [BrowserScreenHeight] => 892
            [BrowserScreenWidth] => 412
            [BrowserTZ] => 0
            [BrowserAcceptHeader] => application/json, text/javascript, */*; q=0.01
            [BrowserLanguage] => en-GB
            [BrowserUserAgent] => Mozilla/5.0 (Linux; Android 9; moto e6s) AppleWebKit/537.36 (KHTML, like Gecko) Chrome/98.0.4758.101 Mobile Safari/537.36
            [ThreeDSNotificationURL] => https://kartingnortheast.com/checkout/order-pay/21245/?key=wc_order_62263fbed2355&threedsecure=kne_wc_62263fbed2355-21245-900a5d61b3592
            [ChallengeWindowSize] => 03
            [TransType] => 01
            [VendorData] => 
            [CardHolder] => Scot Thornhill
            [CardNumber] => 5573********2897
            [ExpiryDate] => 1223
            [CV2] => ***
            [CardType] => MC
            [ApplyAVSCV2] => 0
            [Apply3DSecure] => 0
        )

    [URL] => https://live.sagepay.com/gateway/service/vspdirect-register.vsp
)

03-07-2022 @ 17:24:15 - =============================================
03-07-2022 @ 17:24:19 - =============================================
03-07-2022 @ 17:24:19 - Opayo Direct Return : 
03-07-2022 @ 17:24:19 - VPSProtocol=4.00
Status=OK
StatusDetail=0000 : The Authorisation was Successful.
VPSTxId={7C113E09-F628-4095-B970-4C2001EECEB8}
SecurityKey=ALYOWJEPSA
TxAuthNo=813528265
AVSCV2=ALL MATCH
AddressResult=MATCHED
PostCodeResult=MATCHED
CV2Result=MATCHED
3DSecureStatus=OK
CAVV=kANicddaMeT9tiGYeFWJqIJhVR+k
DeclineCode=00
ExpiryDate=1223
BankAuthCode=698500
ACSTransID=eed59000-c72d-490b-811e-0afa9ba9e4ab
DSTransID=1c2f566e-7050-48f8-aa65-86ca612870a5
SchemeTraceID=MDSRK156C0307  
03-07-2022 @ 17:24:19 - =============================================
