02-27-2022 @ 07:32:15 - 
02-27-2022 @ 07:32:15 - =============================================
02-27-2022 @ 07:32:15 - 
02-27-2022 @ 07:32:15 - SagePay Log
02-27-2022 @ 07:32:15 - 27 Feb 2022, 07:32:15
02-27-2022 @ 07:32:15 - 
02-27-2022 @ 07:32:15 - =============================================
02-27-2022 @ 07:32:15 - Sent to Opayo : 
02-27-2022 @ 07:32:15 - Array
(
    [DATA] => Array
        (
            [VPSProtocol] => 4.00
            [TxType] => PAYMENT
            [Vendor] => kartingnortheas
            [VendorTxCode] => kne_wc_621b28ff23a72-21069-e419d66f0170b
            [Amount] => 300.00
            [Currency] => GBP
            [Description] => Order 21069
            [BillingSurname] => Cole
            [BillingFirstnames] => Lindsay
            [BillingCompany] => 
            [BillingAddress1] => 29 gatekeeper close
            [BillingAddress2] => 
            [BillingCity] => Newcastle upon tyne
            [BillingPostCode] => NE13 9EH
            [BillingCountry] => GB
            [BillingState] => 
            [BillingPhone] => 07801932830
            [DeliverySurname] => Cole
            [DeliveryFirstnames] => Lindsay
            [DeliveryAddress1] => 29 gatekeeper close
            [DeliveryAddress2] => 
            [DeliveryCity] => Newcastle upon tyne
            [DeliveryPostCode] => NE13 9EH
            [DeliveryCountry] => GB
            [DeliveryState] => 
            [DeliveryPhone] => 07801932830
            [CustomerEMail] => lccole84@gmail.com
            [ClientIPAddress] => 80.0.102.186
            [AccountType] => E
            [ReferrerID] => F4D0E135-F056-449E-99E0-EC59917923E1
            [Website] => https://kartingnortheast.com
            [BrowserJavascriptEnabled] => 1
            [BrowserJavaEnabled] => 0
            [BrowserColorDepth] => 32
            [BrowserScreenHeight] => 896
            [BrowserScreenWidth] => 414
            [BrowserTZ] => 0
            [BrowserAcceptHeader] => application/json, text/javascript, */*; q=0.01
            [BrowserLanguage] => en-GB
            [BrowserUserAgent] => Mozilla/5.0 (iPhone; CPU iPhone OS 15_3_1 like Mac OS X) AppleWebKit/605.1.15 (KHTML, like Gecko) Version/15.3 Mobile/15E148 Safari/604.1
            [ThreeDSNotificationURL] => https://kartingnortheast.com/checkout/order-pay/21069/?key=wc_order_621b28ff23a72&threedsecure=kne_wc_621b28ff23a72-21069-e419d66f0170b
            [ChallengeWindowSize] => 03
            [TransType] => 01
            [VendorData] => 
            [CardHolder] => Lindsay Cole
            [CardNumber] => 4751********1200
            [ExpiryDate] => 0722
            [CV2] => ***
            [CardType] => VISA
            [ApplyAVSCV2] => 0
            [Apply3DSecure] => 0
        )

    [URL] => https://live.sagepay.com/gateway/service/vspdirect-register.vsp
)

02-27-2022 @ 07:32:15 - =============================================
02-27-2022 @ 07:32:17 - =============================================
02-27-2022 @ 07:32:17 - Opayo Direct Return : 
02-27-2022 @ 07:32:17 - VPSProtocol=4.00
Status=3DAUTH
StatusDetail=2021 : Please redirect your customer to the ACSURL, passing CReq.
VPSTxId={2FC1F181-8D51-FE2F-095D-0D4813FEA654}
3DSecureStatus=OK
ACSURL=https://secure4.arcot.com/content-server/api/tds2/txn/browser/v1/creq
CReq=ewogICJtZXNzYWdlVHlwZSIgOiAiQ1JlcSIsCiAgIm1lc3NhZ2VWZXJzaW9uIiA6ICIyLjIuMCIsCiAgInRocmVlRFNTZXJ2ZXJUcmFuc0lEIiA6ICIwMzkyN2RiMS03YTE0LTQ2MDQtYmQ3Ni03NTQwNjFhZDkzNmEiLAogICJhY3NUcmFuc0lEIiA6ICI1NGMzNWRhMC0zNWZjLTQ0ZDAtOWQ4ZS1kOTFlYWEzMTViMmMiLAogICJjaGFsbGVuZ2VXaW5kb3dTaXplIiA6ICIwMyIKfQ
ACSTransID=54c35da0-35fc-44d0-9d8e-d91eaa315b2c
DSTransID=a27e016f-8526-4de7-bc55-48626c44c8d8
02-27-2022 @ 07:32:17 - =============================================
02-27-2022 @ 07:33:09 - 
02-27-2022 @ 07:33:11 - =============================================
02-27-2022 @ 07:33:11 - 
02-27-2022 @ 07:33:11 - SagePay Log
02-27-2022 @ 07:33:11 - 27 Feb 2022, 07:33:11
02-27-2022 @ 07:33:11 - 
02-27-2022 @ 07:33:11 - =============================================
02-27-2022 @ 07:33:11 - Sent to Opayo : 
02-27-2022 @ 07:33:11 - Array
(
    [DATA] => Array
        (
            [CRes] => eyJ0aHJlZURTU2VydmVyVHJhbnNJRCI6IjAzOTI3ZGIxLTdhMTQtNDYwNC1iZDc2LTc1NDA2MWFkOTM2YSIsImFjc1RyYW5zSUQiOiI1NGMzNWRhMC0zNWZjLTQ0ZDAtOWQ4ZS1kOTFlYWEzMTViMmMiLCJtZXNzYWdlVHlwZSI6IkNSZXMiLCJtZXNzYWdlVmVyc2lvbiI6IjIuMi4wIiwidHJhbnNTdGF0dXMiOiJZIn0
            [VPSTxId] => {2FC1F181-8D51-FE2F-095D-0D4813FEA654}
        )

    [URL] => https://live.sagepay.com/gateway/service/direct3dcallback.vsp
)

02-27-2022 @ 07:33:11 - =============================================
02-27-2022 @ 07:33:12 - =============================================
02-27-2022 @ 07:33:12 - Opayo Direct Return : 
02-27-2022 @ 07:33:12 - VPSProtocol=4.00
Status=OK
StatusDetail=0000 : The Authorisation was Successful.
VPSTxId={2FC1F181-8D51-FE2F-095D-0D4813FEA654}
SecurityKey=CA6X40OYHB
TxAuthNo=807302200
AVSCV2=ALL MATCH
AddressResult=MATCHED
PostCodeResult=MATCHED
CV2Result=MATCHED
3DSecureStatus=OK
CAVV=AAkCBhZySAAAAHUwgmBYdXhViYU=
DeclineCode=00
ExpiryDate=0722
BankAuthCode=643104
ACSTransID=54c35da0-35fc-44d0-9d8e-d91eaa315b2c
DSTransID=a27e016f-8526-4de7-bc55-48626c44c8d8
SchemeTraceID=482058271917454
02-27-2022 @ 07:33:12 - =============================================
02-27-2022 @ 09:29:54 - 
02-27-2022 @ 09:29:54 - =============================================
02-27-2022 @ 09:29:54 - 
02-27-2022 @ 09:29:54 - SagePay Log
02-27-2022 @ 09:29:54 - 27 Feb 2022, 09:29:54
02-27-2022 @ 09:29:54 - 
02-27-2022 @ 09:29:54 - =============================================
02-27-2022 @ 09:29:54 - Sent to Opayo : 
02-27-2022 @ 09:29:54 - Array
(
    [DATA] => Array
        (
            [VPSProtocol] => 4.00
            [TxType] => PAYMENT
            [Vendor] => kartingnortheas
            [VendorTxCode] => kne_wc_621b4492227e2-21072-e50370d80bce9
            [Amount] => 25.00
            [Currency] => GBP
            [Description] => Order 21072
            [BillingSurname] => Vaziri
            [BillingFirstnames] => David
            [BillingCompany] => 
            [BillingAddress1] => 35 Bridge Terrace
            [BillingAddress2] => 
            [BillingCity] => BEDLINGTON
            [BillingPostCode] => NE22 7JT
            [BillingCountry] => GB
            [BillingState] => 
            [BillingPhone] => 07453576569
            [DeliverySurname] => Vaziri
            [DeliveryFirstnames] => David
            [DeliveryAddress1] => 35 Bridge Terrace
            [DeliveryAddress2] => 
            [DeliveryCity] => BEDLINGTON
            [DeliveryPostCode] => NE22 7JT
            [DeliveryCountry] => GB
            [DeliveryState] => 
            [DeliveryPhone] => 07453576569
            [CustomerEMail] => davidvaziri1@gmail.com
            [ClientIPAddress] => 92.40.200.220
            [AccountType] => E
            [ReferrerID] => F4D0E135-F056-449E-99E0-EC59917923E1
            [Website] => https://kartingnortheast.com
            [BrowserJavascriptEnabled] => 1
            [BrowserJavaEnabled] => 0
            [BrowserColorDepth] => 24
            [BrowserScreenHeight] => 854
            [BrowserScreenWidth] => 384
            [BrowserTZ] => 0
            [BrowserAcceptHeader] => application/json, text/javascript, */*; q=0.01
            [BrowserLanguage] => en-GB
            [BrowserUserAgent] => Mozilla/5.0 (Linux; Android 11; SAMSUNG SM-N981B) AppleWebKit/537.36 (KHTML, like Gecko) SamsungBrowser/13.0 Chrome/83.0.4103.106 Mobile Safari/537.36
            [ThreeDSNotificationURL] => https://kartingnortheast.com/checkout/order-pay/21072/?key=wc_order_621b4492227e2&threedsecure=kne_wc_621b4492227e2-21072-e50370d80bce9
            [ChallengeWindowSize] => 02
            [TransType] => 01
            [VendorData] => 
            [CardHolder] => David Vaziri
            [CardNumber] => 4921********5234
            [ExpiryDate] => 0525
            [CV2] => ***
            [CardType] => DELTA
            [ApplyAVSCV2] => 0
            [Apply3DSecure] => 0
        )

    [URL] => https://live.sagepay.com/gateway/service/vspdirect-register.vsp
)

02-27-2022 @ 09:29:54 - =============================================
02-27-2022 @ 09:29:56 - =============================================
02-27-2022 @ 09:29:56 - Opayo Direct Return : 
02-27-2022 @ 09:29:56 - VPSProtocol=4.00
Status=OK
StatusDetail=0000 : The Authorisation was Successful.
VPSTxId={93663972-77DC-37A1-133C-AE7AB34AB6F6}
SecurityKey=SKXCGFD0OT
TxAuthNo=807333867
AVSCV2=ALL MATCH
AddressResult=MATCHED
PostCodeResult=MATCHED
CV2Result=MATCHED
3DSecureStatus=OK
CAVV=AJkBBHZDcgAAAAnEgmBYdQAAAAA=
DeclineCode=00
ExpiryDate=0525
BankAuthCode=028352
ACSTransID=ec5eeee9-e84b-4ce5-b3d7-e9a79b5330b8
DSTransID=1c4ff64b-7e15-4270-967f-150b4ea4582c
SchemeTraceID=482058341952571
02-27-2022 @ 09:29:56 - =============================================
02-27-2022 @ 11:35:22 - 
02-27-2022 @ 11:35:24 - =============================================
02-27-2022 @ 11:35:24 - 
02-27-2022 @ 11:35:24 - SagePay Log
02-27-2022 @ 11:35:24 - 27 Feb 2022, 11:35:24
02-27-2022 @ 11:35:24 - 
02-27-2022 @ 11:35:24 - =============================================
02-27-2022 @ 11:35:24 - Sent to Opayo : 
02-27-2022 @ 11:35:24 - Array
(
    [DATA] => Array
        (
            [VPSProtocol] => 4.00
            [TxType] => PAYMENT
            [Vendor] => kartingnortheas
            [VendorTxCode] => kne_wc_621b61fa496e6-21076-39953d28e1c95
            [Amount] => 43.00
            [Currency] => GBP
            [Description] => Order 21076
            [BillingSurname] => Gilbert
            [BillingFirstnames] => John
            [BillingCompany] => 
            [BillingAddress1] => 159 Holyfields
            [BillingAddress2] => 
            [BillingCity] => Newcastle upon Tyne
            [BillingPostCode] => NE27 0EY
            [BillingCountry] => GB
            [BillingState] => 
            [BillingPhone] => 07858115007
            [DeliverySurname] => Gilbert
            [DeliveryFirstnames] => John
            [DeliveryAddress1] => 159 Holyfields
            [DeliveryAddress2] => 
            [DeliveryCity] => Newcastle upon Tyne
            [DeliveryPostCode] => NE27 0EY
            [DeliveryCountry] => GB
            [DeliveryState] => 
            [DeliveryPhone] => 07858115007
            [CustomerEMail] => mrjohng@me.com
            [ClientIPAddress] => 86.10.148.142
            [AccountType] => E
            [ReferrerID] => F4D0E135-F056-449E-99E0-EC59917923E1
            [Website] => https://kartingnortheast.com
            [BrowserJavascriptEnabled] => 1
            [BrowserJavaEnabled] => 0
            [BrowserColorDepth] => 24
            [BrowserScreenHeight] => 1440
            [BrowserScreenWidth] => 2560
            [BrowserTZ] => 0
            [BrowserAcceptHeader] => application/json, text/javascript, */*; q=0.01
            [BrowserLanguage] => en-GB
            [BrowserUserAgent] => Mozilla/5.0 (Macintosh; Intel Mac OS X 10_15_7) AppleWebKit/605.1.15 (KHTML, like Gecko) Version/15.3 Safari/605.1.15
            [ThreeDSNotificationURL] => https://kartingnortheast.com/checkout/order-pay/21076/?key=wc_order_621b61fa496e6&threedsecure=kne_wc_621b61fa496e6-21076-39953d28e1c95
            [ChallengeWindowSize] => 05
            [TransType] => 01
            [VendorData] => 
            [CardHolder] => John Gilbert
            [CardNumber] => 5276********7181
            [ExpiryDate] => 0322
            [CV2] => ***
            [CardType] => MC
            [ApplyAVSCV2] => 0
            [Apply3DSecure] => 0
        )

    [URL] => https://live.sagepay.com/gateway/service/vspdirect-register.vsp
)

02-27-2022 @ 11:35:24 - =============================================
02-27-2022 @ 11:35:26 - =============================================
02-27-2022 @ 11:35:26 - Opayo Direct Return : 
02-27-2022 @ 11:35:26 - VPSProtocol=4.00
Status=OK
StatusDetail=0000 : The Authorisation was Successful.
VPSTxId={16448298-A5B3-DDE7-73A9-A07BDA334E41}
SecurityKey=WCQJPVCJ9T
TxAuthNo=807393367
AVSCV2=ALL MATCH
AddressResult=MATCHED
PostCodeResult=MATCHED
CV2Result=MATCHED
3DSecureStatus=OK
CAVV=kAN5gffWz8DO8xDMeFWJqIJhBayO
DeclineCode=00
ExpiryDate=0322
BankAuthCode=057863
ACSTransID=a17766e2-c8f3-47c5-9b94-97bf58b1b135
DSTransID=b04035e1-e88f-4ebc-89cf-093fba798a26
SchemeTraceID=MPL3DHOF30227  
02-27-2022 @ 11:35:26 - =============================================
02-27-2022 @ 13:32:22 - 
02-27-2022 @ 13:32:22 - =============================================
02-27-2022 @ 13:32:22 - 
02-27-2022 @ 13:32:22 - SagePay Log
02-27-2022 @ 13:32:22 - 27 Feb 2022, 13:32:22
02-27-2022 @ 13:32:22 - 
02-27-2022 @ 13:32:22 - =============================================
02-27-2022 @ 13:32:22 - Sent to Opayo : 
02-27-2022 @ 13:32:22 - Array
(
    [DATA] => Array
        (
            [VPSProtocol] => 4.00
            [TxType] => PAYMENT
            [Vendor] => kartingnortheas
            [VendorTxCode] => kne_wc_621b7d662b07e-21078-d24e9461c15a0
            [Amount] => 767.00
            [Currency] => GBP
            [Description] => Order 21078
            [BillingSurname] => Catterall
            [BillingFirstnames] => Tristan
            [BillingCompany] => 
            [BillingAddress1] => Springbank farm, gunn road
            [BillingAddress2] => 
            [BillingCity] => Mellor
            [BillingPostCode] => SK6 5PZ
            [BillingCountry] => GB
            [BillingState] => 
            [BillingPhone] => 07896804204
            [DeliverySurname] => Catterall
            [DeliveryFirstnames] => Tristan
            [DeliveryAddress1] => Springbank farm, gunn road
            [DeliveryAddress2] => 
            [DeliveryCity] => Mellor
            [DeliveryPostCode] => SK6 5PZ
            [DeliveryCountry] => GB
            [DeliveryState] => 
            [DeliveryPhone] => 07896804204
            [CustomerEMail] => tristan.catterall@yahoo.co.uk
            [ClientIPAddress] => 2.102.17.20
            [AccountType] => E
            [ReferrerID] => F4D0E135-F056-449E-99E0-EC59917923E1
            [Website] => https://kartingnortheast.com
            [BrowserJavascriptEnabled] => 1
            [BrowserJavaEnabled] => 0
            [BrowserColorDepth] => 32
            [BrowserScreenHeight] => 844
            [BrowserScreenWidth] => 390
            [BrowserTZ] => 0
            [BrowserAcceptHeader] => application/json, text/javascript, */*; q=0.01
            [BrowserLanguage] => en-GB
            [BrowserUserAgent] => Mozilla/5.0 (iPhone; CPU iPhone OS 15_3_1 like Mac OS X) AppleWebKit/605.1.15 (KHTML, like Gecko) Version/15.3 Mobile/15E148 Safari/604.1
            [ThreeDSNotificationURL] => https://kartingnortheast.com/checkout/order-pay/21078/?key=wc_order_621b7d662b07e&threedsecure=kne_wc_621b7d662b07e-21078-d24e9461c15a0
            [ChallengeWindowSize] => 02
            [TransType] => 01
            [VendorData] => 
            [CardHolder] => Tristan Catterall
            [CardNumber] => 5522********3676
            [ExpiryDate] => 1024
            [CV2] => ***
            [CardType] => MC
            [ApplyAVSCV2] => 0
            [Apply3DSecure] => 0
        )

    [URL] => https://live.sagepay.com/gateway/service/vspdirect-register.vsp
)

02-27-2022 @ 13:32:22 - =============================================
02-27-2022 @ 13:32:23 - =============================================
02-27-2022 @ 13:32:23 - Opayo Direct Return : 
02-27-2022 @ 13:32:23 - VPSProtocol=4.00
Status=3DAUTH
StatusDetail=2021 : Please redirect your customer to the ACSURL, passing CReq.
VPSTxId={93DF766B-1E3A-3EB4-3445-CF1ABF3EAC35}
3DSecureStatus=OK
ACSURL=https://secure7.arcot.com/content-server/api/tds2/txn/browser/v1/creq
CReq=ewogICJtZXNzYWdlVHlwZSIgOiAiQ1JlcSIsCiAgIm1lc3NhZ2VWZXJzaW9uIiA6ICIyLjEuMCIsCiAgInRocmVlRFNTZXJ2ZXJUcmFuc0lEIiA6ICI2ODRjYTBjMy1iMDlkLTRhZWMtYTY4MC1mNmYyZWQzNDVjNjgiLAogICJhY3NUcmFuc0lEIiA6ICIwZmU0NTBjZi02ZWEyLTQ5ZTMtOTM0Mi0yOTk3YzMyOWVkNTMiLAogICJjaGFsbGVuZ2VXaW5kb3dTaXplIiA6ICIwMiIKfQ
ACSTransID=0fe450cf-6ea2-49e3-9342-2997c329ed53
DSTransID=b1bddcff-6146-49cb-971c-a4e6bfbc620e
02-27-2022 @ 13:32:23 - =============================================
02-27-2022 @ 13:32:50 - 
02-27-2022 @ 13:32:50 - =============================================
02-27-2022 @ 13:32:50 - 
02-27-2022 @ 13:32:50 - SagePay Log
02-27-2022 @ 13:32:50 - 27 Feb 2022, 13:32:50
02-27-2022 @ 13:32:50 - 
02-27-2022 @ 13:32:50 - =============================================
02-27-2022 @ 13:32:50 - Sent to Opayo : 
02-27-2022 @ 13:32:50 - Array
(
    [DATA] => Array
        (
            [CRes] => eyJ0aHJlZURTU2VydmVyVHJhbnNJRCI6IjY4NGNhMGMzLWIwOWQtNGFlYy1hNjgwLWY2ZjJlZDM0NWM2OCIsImFjc1RyYW5zSUQiOiIwZmU0NTBjZi02ZWEyLTQ5ZTMtOTM0Mi0yOTk3YzMyOWVkNTMiLCJtZXNzYWdlVHlwZSI6IkNSZXMiLCJtZXNzYWdlVmVyc2lvbiI6IjIuMS4wIiwidHJhbnNTdGF0dXMiOiJZIn0
            [VPSTxId] => {93DF766B-1E3A-3EB4-3445-CF1ABF3EAC35}
        )

    [URL] => https://live.sagepay.com/gateway/service/direct3dcallback.vsp
)

02-27-2022 @ 13:32:50 - =============================================
02-27-2022 @ 13:32:51 - =============================================
02-27-2022 @ 13:32:51 - Opayo Direct Return : 
02-27-2022 @ 13:32:51 - VPSProtocol=4.00
Status=OK
StatusDetail=0000 : The Authorisation was Successful.
VPSTxId={93DF766B-1E3A-3EB4-3445-CF1ABF3EAC35}
SecurityKey=DTFGEAKABZ
TxAuthNo=807450770
AVSCV2=ALL MATCH
AddressResult=MATCHED
PostCodeResult=MATCHED
CV2Result=MATCHED
3DSecureStatus=OK
CAVV=kBNwETDcsMUZsEnZeFWJqIJhOiS2
DeclineCode=00
ExpiryDate=1024
BankAuthCode=075402
ACSTransID=0fe450cf-6ea2-49e3-9342-2997c329ed53
DSTransID=b1bddcff-6146-49cb-971c-a4e6bfbc620e
SchemeTraceID=MPLK2HQ2J0227  
02-27-2022 @ 13:32:51 - =============================================
02-27-2022 @ 20:27:58 - 
02-27-2022 @ 20:27:58 - =============================================
02-27-2022 @ 20:27:58 - 
02-27-2022 @ 20:27:58 - SagePay Log
02-27-2022 @ 20:27:58 - 27 Feb 2022, 20:27:58
02-27-2022 @ 20:27:58 - 
02-27-2022 @ 20:27:58 - =============================================
02-27-2022 @ 20:27:58 - Sent to Opayo : 
02-27-2022 @ 20:27:58 - Array
(
    [DATA] => Array
        (
            [VPSProtocol] => 4.00
            [TxType] => PAYMENT
            [Vendor] => kartingnortheas
            [VendorTxCode] => kne_wc_621bdece538cf-21085-f0f55d4dd0bd3
            [Amount] => 172.00
            [Currency] => GBP
            [Description] => Order 21085
            [BillingSurname] => Wright
            [BillingFirstnames] => Dominic
            [BillingCompany] => 
            [BillingAddress1] => 4 Marina Grove, Fulwell
            [BillingAddress2] => 
            [BillingCity] => Sunderland
            [BillingPostCode] => SR6 9AJ
            [BillingCountry] => GB
            [BillingState] => 
            [BillingPhone] => 07483249198
            [DeliverySurname] => Wright
            [DeliveryFirstnames] => Dominic
            [DeliveryAddress1] => 4 Marina Grove, Fulwell
            [DeliveryAddress2] => 
            [DeliveryCity] => Sunderland
            [DeliveryPostCode] => SR6 9AJ
            [DeliveryCountry] => GB
            [DeliveryState] => 
            [DeliveryPhone] => 07483249198
            [CustomerEMail] => domwright230@gmail.com
            [ClientIPAddress] => 213.205.202.199
            [AccountType] => E
            [ReferrerID] => F4D0E135-F056-449E-99E0-EC59917923E1
            [Website] => https://kartingnortheast.com
            [BrowserJavascriptEnabled] => 1
            [BrowserJavaEnabled] => 0
            [BrowserColorDepth] => 24
            [BrowserScreenHeight] => 915
            [BrowserScreenWidth] => 412
            [BrowserTZ] => 0
            [BrowserAcceptHeader] => application/json, text/javascript, */*; q=0.01
            [BrowserLanguage] => en-GB
            [BrowserUserAgent] => Mozilla/5.0 (Linux; Android 12; SAMSUNG SM-G986B) AppleWebKit/537.36 (KHTML, like Gecko) SamsungBrowser/16.0 Chrome/92.0.4515.166 Mobile Safari/537.36
            [ThreeDSNotificationURL] => https://kartingnortheast.com/checkout/order-pay/21085/?key=wc_order_621bdece538cf&threedsecure=kne_wc_621bdece538cf-21085-f0f55d4dd0bd3
            [ChallengeWindowSize] => 03
            [TransType] => 01
            [VendorData] => 
            [CardHolder] => Dominic Wright
            [CardNumber] => 5356********4612
            [ExpiryDate] => 1124
            [CV2] => ***
            [CardType] => MCDEBIT
            [ApplyAVSCV2] => 0
            [Apply3DSecure] => 0
        )

    [URL] => https://live.sagepay.com/gateway/service/vspdirect-register.vsp
)

02-27-2022 @ 20:27:58 - =============================================
02-27-2022 @ 20:28:02 - =============================================
02-27-2022 @ 20:28:02 - Opayo Direct Return : 
02-27-2022 @ 20:28:02 - VPSProtocol=4.00
Status=NOTAUTHED
StatusDetail=2000 : The Authorisation was Declined by the bank.
VPSTxId={2E6D9CB3-453C-04A4-C590-07673F80A07C}
SecurityKey=C7MYHALBQU
AVSCV2=DATA NOT CHECKED
AddressResult=NOTPROVIDED
PostCodeResult=NOTPROVIDED
CV2Result=NOTPROVIDED
3DSecureStatus=OK
DeclineCode=05
ExpiryDate=1124
ACSTransID=bfbde07e-7d91-4df1-b8cd-3b6ac09c5586
DSTransID=720b3815-9518-4fdf-8a87-24ddf43633dc
02-27-2022 @ 20:28:02 - =============================================
02-27-2022 @ 20:28:43 - 
02-27-2022 @ 20:28:43 - =============================================
02-27-2022 @ 20:28:43 - 
02-27-2022 @ 20:28:43 - SagePay Log
02-27-2022 @ 20:28:43 - 27 Feb 2022, 20:28:43
02-27-2022 @ 20:28:43 - 
02-27-2022 @ 20:28:43 - =============================================
02-27-2022 @ 20:28:43 - Sent to Opayo : 
02-27-2022 @ 20:28:43 - Array
(
    [DATA] => Array
        (
            [VPSProtocol] => 4.00
            [TxType] => PAYMENT
            [Vendor] => kartingnortheas
            [VendorTxCode] => kne_wc_621bdece538cf-21085-a02dca38fdf5e
            [Amount] => 172.00
            [Currency] => GBP
            [Description] => Order 21085
            [BillingSurname] => Wright
            [BillingFirstnames] => Dominic
            [BillingCompany] => 
            [BillingAddress1] => 4 Marina Grove, Fulwell
            [BillingAddress2] => 
            [BillingCity] => Sunderland
            [BillingPostCode] => SR6 9AJ
            [BillingCountry] => GB
            [BillingState] => 
            [BillingPhone] => 07483249198
            [DeliverySurname] => Wright
            [DeliveryFirstnames] => Dominic
            [DeliveryAddress1] => 4 Marina Grove, Fulwell
            [DeliveryAddress2] => 
            [DeliveryCity] => Sunderland
            [DeliveryPostCode] => SR6 9AJ
            [DeliveryCountry] => GB
            [DeliveryState] => 
            [DeliveryPhone] => 07483249198
            [CustomerEMail] => domwright230@gmail.com
            [ClientIPAddress] => 213.205.202.199
            [AccountType] => E
            [ReferrerID] => F4D0E135-F056-449E-99E0-EC59917923E1
            [Website] => https://kartingnortheast.com
            [BrowserJavascriptEnabled] => 1
            [BrowserJavaEnabled] => 0
            [BrowserColorDepth] => 24
            [BrowserScreenHeight] => 915
            [BrowserScreenWidth] => 412
            [BrowserTZ] => 0
            [BrowserAcceptHeader] => application/json, text/javascript, */*; q=0.01
            [BrowserLanguage] => en-GB
            [BrowserUserAgent] => Mozilla/5.0 (Linux; Android 12; SAMSUNG SM-G986B) AppleWebKit/537.36 (KHTML, like Gecko) SamsungBrowser/16.0 Chrome/92.0.4515.166 Mobile Safari/537.36
            [ThreeDSNotificationURL] => https://kartingnortheast.com/checkout/order-pay/21085/?key=wc_order_621bdece538cf&threedsecure=kne_wc_621bdece538cf-21085-a02dca38fdf5e
            [ChallengeWindowSize] => 03
            [TransType] => 01
            [VendorData] => 
            [CardHolder] => Dominic Wright
            [CardNumber] => 5356********4612
            [ExpiryDate] => 1124
            [CV2] => ***
            [CardType] => MCDEBIT
            [ApplyAVSCV2] => 0
            [Apply3DSecure] => 0
        )

    [URL] => https://live.sagepay.com/gateway/service/vspdirect-register.vsp
)

02-27-2022 @ 20:28:43 - =============================================
02-27-2022 @ 20:28:46 - =============================================
02-27-2022 @ 20:28:46 - Opayo Direct Return : 
02-27-2022 @ 20:28:46 - VPSProtocol=4.00
Status=OK
StatusDetail=0000 : The Authorisation was Successful.
VPSTxId={2889D942-727F-CD4A-0D98-FF3192AB5186}
SecurityKey=QQ02XUTSEW
TxAuthNo=807669093
AVSCV2=ALL MATCH
AddressResult=MATCHED
PostCodeResult=MATCHED
CV2Result=MATCHED
3DSecureStatus=OK
CAVV=kAN5Ac8sB4MbGjk6eFWJqIJhGrWH
DeclineCode=00
ExpiryDate=1124
BankAuthCode=289204
ACSTransID=d690e297-b6de-4491-bbf1-29dadc8ab7c2
DSTransID=ba89d99e-5963-4c9f-a0db-fc64f8020f7a
SchemeTraceID=MDSL9KKS50227  
02-27-2022 @ 20:28:46 - =============================================
