03-16-2022 @ 08:02:38 - 
03-16-2022 @ 08:02:38 - =============================================
03-16-2022 @ 08:02:38 - 
03-16-2022 @ 08:02:38 - SagePay Log
03-16-2022 @ 08:02:38 - 16 Mar 2022, 08:02:38
03-16-2022 @ 08:02:38 - 
03-16-2022 @ 08:02:38 - =============================================
03-16-2022 @ 08:02:38 - Sent to Opayo : 
03-16-2022 @ 08:02:38 - Array
(
    [DATA] => Array
        (
            [VPSProtocol] => 4.00
            [TxType] => PAYMENT
            [Vendor] => kartingnortheas
            [VendorTxCode] => kne_wc_6231999decf48-21359-131a466c12183
            [Amount] => 59.00
            [Currency] => GBP
            [Description] => Order 21359
            [BillingSurname] => Carabine
            [BillingFirstnames] => Paul
            [BillingCompany] => 
            [BillingAddress1] => 7 Vine Street
            [BillingAddress2] => 
            [BillingCity] => YORK
            [BillingPostCode] => YO23 1BB
            [BillingCountry] => GB
            [BillingState] => 
            [BillingPhone] => 07901821332
            [DeliverySurname] => Carabine
            [DeliveryFirstnames] => Paul
            [DeliveryAddress1] => 7 Vine Street
            [DeliveryAddress2] => 
            [DeliveryCity] => YORK
            [DeliveryPostCode] => YO23 1BB
            [DeliveryCountry] => GB
            [DeliveryState] => 
            [DeliveryPhone] => 07901821332
            [CustomerEMail] => p.carabine@sky.com
            [ClientIPAddress] => 90.192.48.169
            [AccountType] => E
            [ReferrerID] => F4D0E135-F056-449E-99E0-EC59917923E1
            [Website] => https://kartingnortheast.com
            [BrowserJavascriptEnabled] => 1
            [BrowserJavaEnabled] => 0
            [BrowserColorDepth] => 24
            [BrowserScreenHeight] => 780
            [BrowserScreenWidth] => 360
            [BrowserTZ] => 0
            [BrowserAcceptHeader] => application/json, text/javascript, */*; q=0.01
            [BrowserLanguage] => en-GB
            [BrowserUserAgent] => Mozilla/5.0 (Linux; Android 10; POT-LX1) AppleWebKit/537.36 (KHTML, like Gecko) Chrome/99.0.4844.58 Mobile Safari/537.36
            [ThreeDSNotificationURL] => https://kartingnortheast.com/checkout/order-pay/21359/?key=wc_order_6231999decf48&threedsecure=kne_wc_6231999decf48-21359-131a466c12183
            [ChallengeWindowSize] => 02
            [TransType] => 01
            [VendorData] => 
            [CardHolder] => Paul Carabine
            [CardNumber] => 5573********4388
            [ExpiryDate] => 1222
            [CV2] => ***
            [CardType] => MCDEBIT
            [ApplyAVSCV2] => 0
            [Apply3DSecure] => 0
        )

    [URL] => https://live.sagepay.com/gateway/service/vspdirect-register.vsp
)

03-16-2022 @ 08:02:38 - =============================================
03-16-2022 @ 08:02:41 - =============================================
03-16-2022 @ 08:02:41 - Opayo Direct Return : 
03-16-2022 @ 08:02:41 - VPSProtocol=4.00
Status=OK
StatusDetail=0000 : The Authorisation was Successful.
VPSTxId={88C3A660-C572-4B24-57BF-20B71EB22C3C}
SecurityKey=BEMYKC0TOS
TxAuthNo=819308030
AVSCV2=ALL MATCH
AddressResult=MATCHED
PostCodeResult=MATCHED
CV2Result=MATCHED
3DSecureStatus=OK
CAVV=kAMVIfGUtjRlgRcMeFWJqIJhFnaD
DeclineCode=00
ExpiryDate=1222
BankAuthCode=521600
ACSTransID=2c2dbe6a-c130-48ff-aca5-0f314ba17180
DSTransID=f511fcae-55fd-4835-8739-b3c442aa13a0
SchemeTraceID=MDS2O8AF10316  
03-16-2022 @ 08:02:41 - =============================================
03-16-2022 @ 09:30:56 - 
03-16-2022 @ 09:30:56 - =============================================
03-16-2022 @ 09:30:56 - 
03-16-2022 @ 09:30:56 - SagePay Log
03-16-2022 @ 09:30:56 - 16 Mar 2022, 09:30:56
03-16-2022 @ 09:30:56 - 
03-16-2022 @ 09:30:56 - =============================================
03-16-2022 @ 09:30:56 - Sent to Opayo : 
03-16-2022 @ 09:30:56 - Array
(
    [DATA] => Array
        (
            [VPSProtocol] => 4.00
            [TxType] => PAYMENT
            [Vendor] => kartingnortheas
            [VendorTxCode] => kne_wc_6231ae508aaca-21361-44ea5ccc70b3c
            [Amount] => 212.00
            [Currency] => GBP
            [Description] => Order 21361
            [BillingSurname] => lang
            [BillingFirstnames] => ann-marie
            [BillingCompany] => 
            [BillingAddress1] => The Grange
            [BillingAddress2] => 
            [BillingCity] => Annfield Plain
            [BillingPostCode] => DH9 7XF
            [BillingCountry] => GB
            [BillingState] => 
            [BillingPhone] => 01207232953
            [DeliverySurname] => lang
            [DeliveryFirstnames] => ann-marie
            [DeliveryAddress1] => The Grange
            [DeliveryAddress2] => 
            [DeliveryCity] => Annfield Plain
            [DeliveryPostCode] => DH9 7XF
            [DeliveryCountry] => GB
            [DeliveryState] => 
            [DeliveryPhone] => 01207232953
            [CustomerEMail] => thegrange@idresidential.org.uk
            [ClientIPAddress] => 92.27.113.87
            [AccountType] => E
            [ReferrerID] => F4D0E135-F056-449E-99E0-EC59917923E1
            [Website] => https://kartingnortheast.com
            [BrowserJavascriptEnabled] => 1
            [BrowserJavaEnabled] => 0
            [BrowserColorDepth] => 24
            [BrowserScreenHeight] => 768
            [BrowserScreenWidth] => 1366
            [BrowserTZ] => 0
            [BrowserAcceptHeader] => application/json, text/javascript, */*; q=0.01
            [BrowserLanguage] => en-GB
            [BrowserUserAgent] => Mozilla/5.0 (Windows NT 10.0; Win64; x64) AppleWebKit/537.36 (KHTML, like Gecko) Chrome/99.0.4844.51 Safari/537.36
            [ThreeDSNotificationURL] => https://kartingnortheast.com/checkout/order-pay/21361/?key=wc_order_6231ae508aaca&threedsecure=kne_wc_6231ae508aaca-21361-44ea5ccc70b3c
            [ChallengeWindowSize] => 05
            [TransType] => 01
            [VendorData] => 
            [CardHolder] => ann-marie lang
            [CardNumber] => 4864********5719
            [ExpiryDate] => 0324
            [CV2] => ***
            [CardType] => VISA
            [ApplyAVSCV2] => 0
            [Apply3DSecure] => 0
        )

    [URL] => https://live.sagepay.com/gateway/service/vspdirect-register.vsp
)

03-16-2022 @ 09:30:56 - =============================================
03-16-2022 @ 09:30:59 - =============================================
03-16-2022 @ 09:30:59 - Opayo Direct Return : 
03-16-2022 @ 09:30:59 - VPSProtocol=4.00
Status=REJECTED
StatusDetail=2001 : The Authorisation was Rejected by the vendor rule-base.
VPSTxId={4DBE4DED-B37C-A743-8E3E-F69034226B41}
SecurityKey=OUO6PSDK2P
AVSCV2=SECURITY CODE MATCH ONLY
AddressResult=NOTMATCHED
PostCodeResult=NOTMATCHED
CV2Result=MATCHED
3DSecureStatus=OK
DeclineCode=00
ExpiryDate=0324
ACSTransID=8825ce73-bfd4-48c7-bfa1-9855434e0079
DSTransID=58db35c9-8659-4935-9711-6d67aa56d321
03-16-2022 @ 09:30:59 - =============================================
03-16-2022 @ 11:48:26 - 
03-16-2022 @ 11:48:26 - =============================================
03-16-2022 @ 11:48:26 - 
03-16-2022 @ 11:48:26 - SagePay Log
03-16-2022 @ 11:48:26 - 16 Mar 2022, 11:48:26
03-16-2022 @ 11:48:26 - 
03-16-2022 @ 11:48:26 - =============================================
03-16-2022 @ 11:48:26 - Sent to Opayo : 
03-16-2022 @ 11:48:26 - Array
(
    [DATA] => Array
        (
            [VPSProtocol] => 4.00
            [TxType] => PAYMENT
            [Vendor] => kartingnortheas
            [VendorTxCode] => kne_wc_6231ce8a17c88-21364-2366d26ef3d32
            [Amount] => 295.00
            [Currency] => GBP
            [Description] => Order 21364
            [BillingSurname] => Hill
            [BillingFirstnames] => Tom
            [BillingCompany] => 
            [BillingAddress1] => 1 Dene Terrace East
            [BillingAddress2] => 
            [BillingCity] => Wylam
            [BillingPostCode] => NE41 8AY
            [BillingCountry] => GB
            [BillingState] => 
            [BillingPhone] => 07811397288
            [DeliverySurname] => Hill
            [DeliveryFirstnames] => Tom
            [DeliveryAddress1] => 1 Dene Terrace East
            [DeliveryAddress2] => 
            [DeliveryCity] => Wylam
            [DeliveryPostCode] => NE41 8AY
            [DeliveryCountry] => GB
            [DeliveryState] => 
            [DeliveryPhone] => 07811397288
            [CustomerEMail] => tom.hill54@gmail.com
            [ClientIPAddress] => 46.69.72.147
            [AccountType] => E
            [ReferrerID] => F4D0E135-F056-449E-99E0-EC59917923E1
            [Website] => https://kartingnortheast.com
            [BrowserJavascriptEnabled] => 1
            [BrowserJavaEnabled] => 0
            [BrowserColorDepth] => 24
            [BrowserScreenHeight] => 1080
            [BrowserScreenWidth] => 1920
            [BrowserTZ] => 0
            [BrowserAcceptHeader] => application/json, text/javascript, */*; q=0.01
            [BrowserLanguage] => en-GB
            [BrowserUserAgent] => Mozilla/5.0 (Windows NT 10.0; Win64; x64) AppleWebKit/537.36 (KHTML, like Gecko) Chrome/99.0.4844.51 Safari/537.36
            [ThreeDSNotificationURL] => https://kartingnortheast.com/checkout/order-pay/21364/?key=wc_order_6231ce8a17c88&threedsecure=kne_wc_6231ce8a17c88-21364-2366d26ef3d32
            [ChallengeWindowSize] => 05
            [TransType] => 01
            [VendorData] => 
            [CardHolder] => Tom Hill
            [CardNumber] => 4871********7497
            [ExpiryDate] => 0127
            [CV2] => ***
            [CardType] => DELTA
            [ApplyAVSCV2] => 0
            [Apply3DSecure] => 0
        )

    [URL] => https://live.sagepay.com/gateway/service/vspdirect-register.vsp
)

03-16-2022 @ 11:48:26 - =============================================
03-16-2022 @ 11:48:26 - =============================================
03-16-2022 @ 11:48:26 - Opayo Direct Return : 
03-16-2022 @ 11:48:26 - VPSProtocol=4.00
Status=3DAUTH
StatusDetail=2021 : Please redirect your customer to the ACSURL, passing CReq.
VPSTxId={69D57847-C183-A5A2-82D3-49E452F6524A}
3DSecureStatus=OK
ACSURL=https://foriseu-vbv.mycardplace.com/i2cAcsServices/services/acs/3ds/challenge/browserCreq?token=nGeG3RBI98Bu09HG0HI6&id=41434645
CReq=ewogICJtZXNzYWdlVHlwZSIgOiAiQ1JlcSIsCiAgIm1lc3NhZ2VWZXJzaW9uIiA6ICIyLjIuMCIsCiAgInRocmVlRFNTZXJ2ZXJUcmFuc0lEIiA6ICIzZWNiZDAzMC0xYzk1LTQwOWItYTgxZi0xODc2NGM2ZTRkNjIiLAogICJhY3NUcmFuc0lEIiA6ICI2ZjE2OWU1Zi1jOGQ4LTQzNzgtYmNiNy04OWM0NmE2OWYwMjMiLAogICJjaGFsbGVuZ2VXaW5kb3dTaXplIiA6ICIwNSIKfQ
ACSTransID=6f169e5f-c8d8-4378-bcb7-89c46a69f023
DSTransID=035e9a12-4687-4653-8e29-a439d444265e
03-16-2022 @ 11:48:26 - =============================================
03-16-2022 @ 11:48:54 - 
03-16-2022 @ 11:48:54 - =============================================
03-16-2022 @ 11:48:54 - 
03-16-2022 @ 11:48:54 - SagePay Log
03-16-2022 @ 11:48:54 - 16 Mar 2022, 11:48:54
03-16-2022 @ 11:48:54 - 
03-16-2022 @ 11:48:54 - =============================================
03-16-2022 @ 11:48:54 - Sent to Opayo : 
03-16-2022 @ 11:48:54 - Array
(
    [DATA] => Array
        (
            [CRes] => eyJ0aHJlZURTU2VydmVyVHJhbnNJRCI6IjNlY2JkMDMwLTFjOTUtNDA5Yi1hODFmLTE4NzY0YzZlNGQ2MiIsIm1lc3NhZ2VUeXBlIjoiQ1JlcyIsIm1lc3NhZ2VWZXJzaW9uIjoiMi4yLjAiLCJjaGFsbGVuZ2VDb21wbGV0aW9uSW5kIjoiWSIsInRyYW5zU3RhdHVzIjoiWSIsImFjc1RyYW5zSUQiOiI2ZjE2OWU1Zi1jOGQ4LTQzNzgtYmNiNy04OWM0NmE2OWYwMjMifQ
            [VPSTxId] => {69D57847-C183-A5A2-82D3-49E452F6524A}
        )

    [URL] => https://live.sagepay.com/gateway/service/direct3dcallback.vsp
)

03-16-2022 @ 11:48:54 - =============================================
03-16-2022 @ 11:48:55 - =============================================
03-16-2022 @ 11:48:55 - Opayo Direct Return : 
03-16-2022 @ 11:48:55 - VPSProtocol=4.00
Status=REJECTED
StatusDetail=2001 : The Authorisation was Rejected by the vendor rule-base.
VPSTxId={69D57847-C183-A5A2-82D3-49E452F6524A}
SecurityKey=YCLNCO5RJ3
AVSCV2=SECURITY CODE MATCH ONLY
AddressResult=NOTCHECKED
PostCodeResult=NOTCHECKED
CV2Result=MATCHED
3DSecureStatus=OK
DeclineCode=00
ExpiryDate=0127
ACSTransID=6f169e5f-c8d8-4378-bcb7-89c46a69f023
DSTransID=035e9a12-4687-4653-8e29-a439d444265e
03-16-2022 @ 11:48:55 - =============================================
03-16-2022 @ 15:00:24 - 
03-16-2022 @ 15:00:24 - =============================================
03-16-2022 @ 15:00:24 - 
03-16-2022 @ 15:00:24 - SagePay Log
03-16-2022 @ 15:00:24 - 16 Mar 2022, 15:00:24
03-16-2022 @ 15:00:24 - 
03-16-2022 @ 15:00:24 - =============================================
03-16-2022 @ 15:00:24 - Sent to Opayo : 
03-16-2022 @ 15:00:24 - Array
(
    [DATA] => Array
        (
            [VPSProtocol] => 4.00
            [TxType] => PAYMENT
            [Vendor] => kartingnortheas
            [VendorTxCode] => kne_wc_6231fb87d868e-21366-e8d3c15a3aa13
            [Amount] => 344.00
            [Currency] => GBP
            [Description] => Order 21366
            [BillingSurname] => Kassab
            [BillingFirstnames] => Jad daniel
            [BillingCompany] => 
            [BillingAddress1] => Apartment 18 Charltons Bonds, Waterloo Street, ...
            [BillingAddress2] => 
            [BillingCity] => Newcastle upon Tyne
            [BillingPostCode] => NE1 4DE
            [BillingCountry] => GB
            [BillingState] => 
            [BillingPhone] => 07394801393
            [DeliverySurname] => Kassab
            [DeliveryFirstnames] => Jad daniel
            [DeliveryAddress1] => Apartment 18 Charltons Bonds, Waterloo Street, ...
            [DeliveryAddress2] => 
            [DeliveryCity] => Newcastle upon Tyne
            [DeliveryPostCode] => NE1 4DE
            [DeliveryCountry] => GB
            [DeliveryState] => 
            [DeliveryPhone] => 07394801393
            [CustomerEMail] => jad.kassab01@gmail.com
            [ClientIPAddress] => 128.240.225.62
            [AccountType] => E
            [ReferrerID] => F4D0E135-F056-449E-99E0-EC59917923E1
            [Website] => https://kartingnortheast.com
            [BrowserJavascriptEnabled] => 1
            [BrowserJavaEnabled] => 0
            [BrowserColorDepth] => 32
            [BrowserScreenHeight] => 900
            [BrowserScreenWidth] => 1440
            [BrowserTZ] => 0
            [BrowserAcceptHeader] => application/json, text/javascript, */*; q=0.01
            [BrowserLanguage] => en-US
            [BrowserUserAgent] => Mozilla/5.0 (Macintosh; Intel Mac OS X 10_15_7) AppleWebKit/537.36 (KHTML, like Gecko) Chrome/99.0.4844.51 Safari/537.36
            [ThreeDSNotificationURL] => https://kartingnortheast.com/checkout/order-pay/21366/?key=wc_order_6231fb87d868e&threedsecure=kne_wc_6231fb87d868e-21366-e8d3c15a3aa13
            [ChallengeWindowSize] => 05
            [TransType] => 01
            [VendorData] => 
            [CardHolder] => Jad daniel Kassab
            [CardNumber] => 4921********1836
            [ExpiryDate] => 0825
            [CV2] => ***
            [CardType] => DELTA
            [ApplyAVSCV2] => 0
            [Apply3DSecure] => 0
        )

    [URL] => https://live.sagepay.com/gateway/service/vspdirect-register.vsp
)

03-16-2022 @ 15:00:24 - =============================================
03-16-2022 @ 15:00:25 - =============================================
03-16-2022 @ 15:00:25 - Opayo Direct Return : 
03-16-2022 @ 15:00:25 - VPSProtocol=4.00
Status=3DAUTH
StatusDetail=2021 : Please redirect your customer to the ACSURL, passing CReq.
VPSTxId={458D2E7D-A2FE-23A7-69B1-C8B293B09D12}
3DSecureStatus=OK
ACSURL=https://www.rsa3dsauth.co.uk/3ds2/LbgRedirectChallenge?issuer=lloyds
CReq=ewogICJtZXNzYWdlVHlwZSIgOiAiQ1JlcSIsCiAgIm1lc3NhZ2VWZXJzaW9uIiA6ICIyLjIuMCIsCiAgInRocmVlRFNTZXJ2ZXJUcmFuc0lEIiA6ICIxNjkyY2NiMS0xNjM1LTQ0ZTAtOTc3Mi1jYzU0NzZhYjlmZTQiLAogICJhY3NUcmFuc0lEIiA6ICIwNDE1ODYwZS03Y2U2LTQxZTctYjQyNS0wMGEyMDRkMDlhOWQiLAogICJjaGFsbGVuZ2VXaW5kb3dTaXplIiA6ICIwNSIKfQ
ACSTransID=0415860e-7ce6-41e7-b425-00a204d09a9d
DSTransID=df494120-ed68-4075-b4c1-668a8796e22a
03-16-2022 @ 15:00:25 - =============================================
03-16-2022 @ 15:01:08 - 
03-16-2022 @ 15:01:08 - =============================================
03-16-2022 @ 15:01:08 - 
03-16-2022 @ 15:01:08 - SagePay Log
03-16-2022 @ 15:01:08 - 16 Mar 2022, 15:01:08
03-16-2022 @ 15:01:08 - 
03-16-2022 @ 15:01:08 - =============================================
03-16-2022 @ 15:01:08 - Sent to Opayo : 
03-16-2022 @ 15:01:08 - Array
(
    [DATA] => Array
        (
            [CRes] => eyJtZXNzYWdlVHlwZSI6IkNSZXMiLCJtZXNzYWdlVmVyc2lvbiI6IjIuMi4wIiwidGhyZWVEU1NlcnZlclRyYW5zSUQiOiIxNjkyY2NiMS0xNjM1LTQ0ZTAtOTc3Mi1jYzU0NzZhYjlmZTQiLCJhY3NUcmFuc0lEIjoiMDQxNTg2MGUtN2NlNi00MWU3LWI0MjUtMDBhMjA0ZDA5YTlkIiwidHJhbnNTdGF0dXMiOiJZIn0
            [VPSTxId] => {458D2E7D-A2FE-23A7-69B1-C8B293B09D12}
        )

    [URL] => https://live.sagepay.com/gateway/service/direct3dcallback.vsp
)

03-16-2022 @ 15:01:08 - =============================================
03-16-2022 @ 15:01:08 - =============================================
03-16-2022 @ 15:01:08 - Opayo Direct Return : 
03-16-2022 @ 15:01:08 - VPSProtocol=4.00
Status=OK
StatusDetail=0000 : The Authorisation was Successful.
VPSTxId={458D2E7D-A2FE-23A7-69B1-C8B293B09D12}
SecurityKey=HZ9HPTBNOF
TxAuthNo=819647085
AVSCV2=ALL MATCH
AddressResult=MATCHED
PostCodeResult=MATCHED
CV2Result=MATCHED
3DSecureStatus=OK
CAVV=AAkBBXaSdAAAAIZggmB1dQAAAAA=
DeclineCode=00
ExpiryDate=0825
BankAuthCode=016918
ACSTransID=0415860e-7ce6-41e7-b425-00a204d09a9d
DSTransID=df494120-ed68-4075-b4c1-668a8796e22a
SchemeTraceID=482075540682620
03-16-2022 @ 15:01:08 - =============================================
03-16-2022 @ 15:25:06 - 
03-16-2022 @ 15:25:06 - =============================================
03-16-2022 @ 15:25:06 - 
03-16-2022 @ 15:25:06 - SagePay Log
03-16-2022 @ 15:25:06 - 16 Mar 2022, 15:25:06
03-16-2022 @ 15:25:06 - 
03-16-2022 @ 15:25:06 - =============================================
03-16-2022 @ 15:25:06 - Sent to Opayo : 
03-16-2022 @ 15:25:06 - Array
(
    [DATA] => Array
        (
            [VPSProtocol] => 4.00
            [TxType] => PAYMENT
            [Vendor] => kartingnortheas
            [VendorTxCode] => kne_wc_6232015213620-21368-29362690fe449
            [Amount] => 59.00
            [Currency] => GBP
            [Description] => Order 21368
            [BillingSurname] => Matthews
            [BillingFirstnames] => Rob
            [BillingCompany] => 
            [BillingAddress1] => Todlaw Paddock
            [BillingAddress2] => 
            [BillingCity] => Duns
            [BillingPostCode] => TD11 3EJ
            [BillingCountry] => GB
            [BillingState] => 
            [BillingPhone] => 01361884170
            [DeliverySurname] => Matthews
            [DeliveryFirstnames] => Rob
            [DeliveryAddress1] => Todlaw Paddock
            [DeliveryAddress2] => 
            [DeliveryCity] => Duns
            [DeliveryPostCode] => TD11 3EJ
            [DeliveryCountry] => GB
            [DeliveryState] => 
            [DeliveryPhone] => 01361884170
            [CustomerEMail] => rob.matthews1305@gmail.com
            [ClientIPAddress] => 213.121.4.151
            [AccountType] => E
            [ReferrerID] => F4D0E135-F056-449E-99E0-EC59917923E1
            [Website] => https://kartingnortheast.com
            [BrowserJavascriptEnabled] => 1
            [BrowserJavaEnabled] => 0
            [BrowserColorDepth] => 24
            [BrowserScreenHeight] => 1280
            [BrowserScreenWidth] => 800
            [BrowserTZ] => 0
            [BrowserAcceptHeader] => application/json, text/javascript, */*; q=0.01
            [BrowserLanguage] => en-GB
            [BrowserUserAgent] => Mozilla/5.0 (Linux; Android 10; Lenovo TB-X606X) AppleWebKit/537.36 (KHTML, like Gecko) Chrome/99.0.4844.58 Safari/537.36
            [ThreeDSNotificationURL] => https://kartingnortheast.com/checkout/order-pay/21368/?key=wc_order_6232015213620&threedsecure=kne_wc_6232015213620-21368-29362690fe449
            [ChallengeWindowSize] => 05
            [TransType] => 01
            [VendorData] => 
            [CardHolder] => Rob Matthews
            [CardNumber] => 4751********4831
            [ExpiryDate] => 0722
            [CV2] => ***
            [CardType] => DELTA
            [ApplyAVSCV2] => 0
            [Apply3DSecure] => 0
        )

    [URL] => https://live.sagepay.com/gateway/service/vspdirect-register.vsp
)

03-16-2022 @ 15:25:06 - =============================================
03-16-2022 @ 15:25:07 - =============================================
03-16-2022 @ 15:25:07 - Opayo Direct Return : 
03-16-2022 @ 15:25:07 - VPSProtocol=4.00
Status=3DAUTH
StatusDetail=2021 : Please redirect your customer to the ACSURL, passing CReq.
VPSTxId={D39C7F08-6FA9-6351-3C44-628A5C13CADF}
3DSecureStatus=OK
ACSURL=https://secure7.arcot.com/content-server/api/tds2/txn/browser/v1/creq
CReq=ewogICJtZXNzYWdlVHlwZSIgOiAiQ1JlcSIsCiAgIm1lc3NhZ2VWZXJzaW9uIiA6ICIyLjIuMCIsCiAgInRocmVlRFNTZXJ2ZXJUcmFuc0lEIiA6ICIyNGRmMGZmNS02ZTc1LTRkMTctODY5NS0wMGRhZWRiMGVkZjIiLAogICJhY3NUcmFuc0lEIiA6ICI3OWUxODFjOC1kZjhkLTQwODMtYTg5MS0wOGM1NGRkMTZjZjIiLAogICJjaGFsbGVuZ2VXaW5kb3dTaXplIiA6ICIwNSIKfQ
ACSTransID=79e181c8-df8d-4083-a891-08c54dd16cf2
DSTransID=40c9bc3c-5541-4757-b19d-85c651c63158
03-16-2022 @ 15:25:07 - =============================================
03-16-2022 @ 15:25:39 - 
03-16-2022 @ 15:25:39 - =============================================
03-16-2022 @ 15:25:39 - 
03-16-2022 @ 15:25:39 - SagePay Log
03-16-2022 @ 15:25:39 - 16 Mar 2022, 15:25:39
03-16-2022 @ 15:25:39 - 
03-16-2022 @ 15:25:39 - =============================================
03-16-2022 @ 15:25:39 - Sent to Opayo : 
03-16-2022 @ 15:25:39 - Array
(
    [DATA] => Array
        (
            [CRes] => eyJ0aHJlZURTU2VydmVyVHJhbnNJRCI6IjI0ZGYwZmY1LTZlNzUtNGQxNy04Njk1LTAwZGFlZGIwZWRmMiIsImFjc1RyYW5zSUQiOiI3OWUxODFjOC1kZjhkLTQwODMtYTg5MS0wOGM1NGRkMTZjZjIiLCJtZXNzYWdlVHlwZSI6IkNSZXMiLCJtZXNzYWdlVmVyc2lvbiI6IjIuMi4wIiwidHJhbnNTdGF0dXMiOiJZIn0
            [VPSTxId] => {D39C7F08-6FA9-6351-3C44-628A5C13CADF}
        )

    [URL] => https://live.sagepay.com/gateway/service/direct3dcallback.vsp
)

03-16-2022 @ 15:25:39 - =============================================
03-16-2022 @ 15:25:40 - =============================================
03-16-2022 @ 15:25:40 - Opayo Direct Return : 
03-16-2022 @ 15:25:40 - VPSProtocol=4.00
Status=OK
StatusDetail=0000 : The Authorisation was Successful.
VPSTxId={D39C7F08-6FA9-6351-3C44-628A5C13CADF}
SecurityKey=WDUO2CRXYD
TxAuthNo=819666828
AVSCV2=ALL MATCH
AddressResult=MATCHED
PostCodeResult=MATCHED
CV2Result=MATCHED
3DSecureStatus=OK
CAVV=AAkBBHMoIwAAABcMgmB1dQAAAAA=
DeclineCode=00
ExpiryDate=0722
BankAuthCode=432824
ACSTransID=79e181c8-df8d-4083-a891-08c54dd16cf2
DSTransID=40c9bc3c-5541-4757-b19d-85c651c63158
SchemeTraceID=482075555400873
03-16-2022 @ 15:25:40 - =============================================
03-16-2022 @ 17:52:08 - 
03-16-2022 @ 17:52:08 - =============================================
03-16-2022 @ 17:52:08 - 
03-16-2022 @ 17:52:08 - SagePay Log
03-16-2022 @ 17:52:08 - 16 Mar 2022, 17:52:08
03-16-2022 @ 17:52:08 - 
03-16-2022 @ 17:52:08 - =============================================
03-16-2022 @ 17:52:08 - Sent to Opayo : 
03-16-2022 @ 17:52:08 - Array
(
    [DATA] => Array
        (
            [VPSProtocol] => 4.00
            [TxType] => PAYMENT
            [Vendor] => kartingnortheas
            [VendorTxCode] => kne_wc_623223c801c09-21371-ecaad6399f2f5
            [Amount] => 236.00
            [Currency] => GBP
            [Description] => Order 21371
            [BillingSurname] => Li
            [BillingFirstnames] => Xiaoxuan
            [BillingCompany] => 
            [BillingAddress1] => Ernest Place
            [BillingAddress2] => 
            [BillingCity] => Durham
            [BillingPostCode] => DH1 2GY
            [BillingCountry] => GB
            [BillingState] => 
            [BillingPhone] => 7419834829
            [DeliverySurname] => Li
            [DeliveryFirstnames] => Xiaoxuan
            [DeliveryAddress1] => Ernest Place
            [DeliveryAddress2] => 
            [DeliveryCity] => Durham
            [DeliveryPostCode] => DH1 2GY
            [DeliveryCountry] => GB
            [DeliveryState] => 
            [DeliveryPhone] => 7419834829
            [CustomerEMail] => 954069687@qq.com
            [ClientIPAddress] => 213.205.241.237
            [AccountType] => E
            [ReferrerID] => F4D0E135-F056-449E-99E0-EC59917923E1
            [Website] => https://kartingnortheast.com
            [BrowserJavascriptEnabled] => 1
            [BrowserJavaEnabled] => 0
            [BrowserColorDepth] => 32
            [BrowserScreenHeight] => 844
            [BrowserScreenWidth] => 390
            [BrowserTZ] => 0
            [BrowserAcceptHeader] => application/json, text/javascript, */*; q=0.01
            [BrowserLanguage] => zh-CN
            [BrowserUserAgent] => Mozilla/5.0 (iPhone; CPU iPhone OS 15_3_1 like Mac OS X) AppleWebKit/605.1.15 (KHTML, like Gecko) Version/15.3 Mobile/15E148 Safari/604.1
            [ThreeDSNotificationURL] => https://kartingnortheast.com/checkout/order-pay/21371/?key=wc_order_623223c801c09&threedsecure=kne_wc_623223c801c09-21371-ecaad6399f2f5
            [ChallengeWindowSize] => 02
            [TransType] => 01
            [VendorData] => 
            [CardHolder] => Xiaoxuan Li
            [CardNumber] => 5242********0038
            [ExpiryDate] => 1026
            [CV2] => ***
            [CardType] => MC
            [ApplyAVSCV2] => 0
            [Apply3DSecure] => 0
        )

    [URL] => https://live.sagepay.com/gateway/service/vspdirect-register.vsp
)

03-16-2022 @ 17:52:08 - =============================================
03-16-2022 @ 17:52:08 - =============================================
03-16-2022 @ 17:52:08 - Opayo Direct Return : 
03-16-2022 @ 17:52:08 - VPSProtocol=4.00
Status=INVALID
StatusDetail=4043 : The Vendor Rule Bases disallow this card range.
VPSTxId={600E281E-0972-6BEF-4FCE-0C0DBD360239}
SecurityKey=WTCWWJBGV3
03-16-2022 @ 17:52:08 - =============================================
03-16-2022 @ 17:52:31 - 
03-16-2022 @ 17:52:31 - =============================================
03-16-2022 @ 17:52:31 - 
03-16-2022 @ 17:52:31 - SagePay Log
03-16-2022 @ 17:52:31 - 16 Mar 2022, 17:52:31
03-16-2022 @ 17:52:31 - 
03-16-2022 @ 17:52:31 - =============================================
03-16-2022 @ 17:52:31 - Sent to Opayo : 
03-16-2022 @ 17:52:31 - Array
(
    [DATA] => Array
        (
            [VPSProtocol] => 4.00
            [TxType] => PAYMENT
            [Vendor] => kartingnortheas
            [VendorTxCode] => kne_wc_623223c801c09-21371-78d594f07baf7
            [Amount] => 236.00
            [Currency] => GBP
            [Description] => Order 21371
            [BillingSurname] => Li
            [BillingFirstnames] => Xiaoxuan
            [BillingCompany] => 
            [BillingAddress1] => Ernest Place
            [BillingAddress2] => 
            [BillingCity] => Durham
            [BillingPostCode] => DH1 2GY
            [BillingCountry] => GB
            [BillingState] => 
            [BillingPhone] => 7419834829
            [DeliverySurname] => Li
            [DeliveryFirstnames] => Xiaoxuan
            [DeliveryAddress1] => Ernest Place
            [DeliveryAddress2] => 
            [DeliveryCity] => Durham
            [DeliveryPostCode] => DH1 2GY
            [DeliveryCountry] => GB
            [DeliveryState] => 
            [DeliveryPhone] => 7419834829
            [CustomerEMail] => 954069687@qq.com
            [ClientIPAddress] => 213.205.241.237
            [AccountType] => E
            [ReferrerID] => F4D0E135-F056-449E-99E0-EC59917923E1
            [Website] => https://kartingnortheast.com
            [BrowserJavascriptEnabled] => 1
            [BrowserJavaEnabled] => 0
            [BrowserColorDepth] => 32
            [BrowserScreenHeight] => 844
            [BrowserScreenWidth] => 390
            [BrowserTZ] => 0
            [BrowserAcceptHeader] => application/json, text/javascript, */*; q=0.01
            [BrowserLanguage] => zh-CN
            [BrowserUserAgent] => Mozilla/5.0 (iPhone; CPU iPhone OS 15_3_1 like Mac OS X) AppleWebKit/605.1.15 (KHTML, like Gecko) Version/15.3 Mobile/15E148 Safari/604.1
            [ThreeDSNotificationURL] => https://kartingnortheast.com/checkout/order-pay/21371/?key=wc_order_623223c801c09&threedsecure=kne_wc_623223c801c09-21371-78d594f07baf7
            [ChallengeWindowSize] => 02
            [TransType] => 01
            [VendorData] => 
            [CardHolder] => Xiaoxuan Li
            [CardNumber] => 5242********0038
            [ExpiryDate] => 1026
            [CV2] => ***
            [CardType] => MC
            [ApplyAVSCV2] => 0
            [Apply3DSecure] => 0
        )

    [URL] => https://live.sagepay.com/gateway/service/vspdirect-register.vsp
)

03-16-2022 @ 17:52:31 - =============================================
03-16-2022 @ 17:52:31 - =============================================
03-16-2022 @ 17:52:31 - Opayo Direct Return : 
03-16-2022 @ 17:52:31 - VPSProtocol=4.00
Status=INVALID
StatusDetail=4043 : The Vendor Rule Bases disallow this card range.
VPSTxId={D0148EBF-2018-F237-7E40-706400090C4C}
SecurityKey=DSODPLTDKN
03-16-2022 @ 17:52:31 - =============================================
03-16-2022 @ 17:52:44 - 
03-16-2022 @ 17:52:44 - =============================================
03-16-2022 @ 17:52:44 - 
03-16-2022 @ 17:52:44 - SagePay Log
03-16-2022 @ 17:52:44 - 16 Mar 2022, 17:52:44
03-16-2022 @ 17:52:44 - 
03-16-2022 @ 17:52:44 - =============================================
03-16-2022 @ 17:52:44 - Sent to Opayo : 
03-16-2022 @ 17:52:44 - Array
(
    [DATA] => Array
        (
            [VPSProtocol] => 4.00
            [TxType] => PAYMENT
            [Vendor] => kartingnortheas
            [VendorTxCode] => kne_wc_623223c801c09-21371-ec968a414c583
            [Amount] => 236.00
            [Currency] => GBP
            [Description] => Order 21371
            [BillingSurname] => Li
            [BillingFirstnames] => Xiaoxuan
            [BillingCompany] => 
            [BillingAddress1] => Ernest Place
            [BillingAddress2] => 
            [BillingCity] => Durham
            [BillingPostCode] => DH1 2GY
            [BillingCountry] => GB
            [BillingState] => 
            [BillingPhone] => 7419834829
            [DeliverySurname] => Li
            [DeliveryFirstnames] => Xiaoxuan
            [DeliveryAddress1] => Ernest Place
            [DeliveryAddress2] => 
            [DeliveryCity] => Durham
            [DeliveryPostCode] => DH1 2GY
            [DeliveryCountry] => GB
            [DeliveryState] => 
            [DeliveryPhone] => 7419834829
            [CustomerEMail] => 954069687@qq.com
            [ClientIPAddress] => 213.205.241.237
            [AccountType] => E
            [ReferrerID] => F4D0E135-F056-449E-99E0-EC59917923E1
            [Website] => https://kartingnortheast.com
            [BrowserJavascriptEnabled] => 1
            [BrowserJavaEnabled] => 0
            [BrowserColorDepth] => 32
            [BrowserScreenHeight] => 844
            [BrowserScreenWidth] => 390
            [BrowserTZ] => 0
            [BrowserAcceptHeader] => application/json, text/javascript, */*; q=0.01
            [BrowserLanguage] => zh-CN
            [BrowserUserAgent] => Mozilla/5.0 (iPhone; CPU iPhone OS 15_3_1 like Mac OS X) AppleWebKit/605.1.15 (KHTML, like Gecko) Version/15.3 Mobile/15E148 Safari/604.1
            [ThreeDSNotificationURL] => https://kartingnortheast.com/checkout/order-pay/21371/?key=wc_order_623223c801c09&threedsecure=kne_wc_623223c801c09-21371-ec968a414c583
            [ChallengeWindowSize] => 02
            [TransType] => 01
            [VendorData] => 
            [CardHolder] => Xiaoxuan Li
            [CardNumber] => 5242********0038
            [ExpiryDate] => 1026
            [CV2] => ***
            [CardType] => MCDEBIT
            [ApplyAVSCV2] => 0
            [Apply3DSecure] => 0
        )

    [URL] => https://live.sagepay.com/gateway/service/vspdirect-register.vsp
)

03-16-2022 @ 17:52:44 - =============================================
03-16-2022 @ 17:52:45 - =============================================
03-16-2022 @ 17:52:45 - Opayo Direct Return : 
03-16-2022 @ 17:52:45 - VPSProtocol=4.00
Status=INVALID
StatusDetail=4043 : The Vendor Rule Bases disallow this card range.
VPSTxId={A7B12069-96F5-B4B3-E1EE-635C7C40FD14}
SecurityKey=8KKUC1FRDU
03-16-2022 @ 17:52:45 - =============================================
03-16-2022 @ 17:53:10 - 
03-16-2022 @ 17:53:10 - =============================================
03-16-2022 @ 17:53:10 - 
03-16-2022 @ 17:53:10 - SagePay Log
03-16-2022 @ 17:53:10 - 16 Mar 2022, 17:53:10
03-16-2022 @ 17:53:10 - 
03-16-2022 @ 17:53:10 - =============================================
03-16-2022 @ 17:53:10 - Sent to Opayo : 
03-16-2022 @ 17:53:10 - Array
(
    [DATA] => Array
        (
            [VPSProtocol] => 4.00
            [TxType] => PAYMENT
            [Vendor] => kartingnortheas
            [VendorTxCode] => kne_wc_623223c801c09-21371-7bc9c0813ac88
            [Amount] => 236.00
            [Currency] => GBP
            [Description] => Order 21371
            [BillingSurname] => Li
            [BillingFirstnames] => Xiaoxuan
            [BillingCompany] => 
            [BillingAddress1] => Ernest Place
            [BillingAddress2] => 
            [BillingCity] => Durham
            [BillingPostCode] => DH1 2GY
            [BillingCountry] => GB
            [BillingState] => 
            [BillingPhone] => 7419834829
            [DeliverySurname] => Li
            [DeliveryFirstnames] => Xiaoxuan
            [DeliveryAddress1] => Ernest Place
            [DeliveryAddress2] => 
            [DeliveryCity] => Durham
            [DeliveryPostCode] => DH1 2GY
            [DeliveryCountry] => GB
            [DeliveryState] => 
            [DeliveryPhone] => 7419834829
            [CustomerEMail] => 954069687@qq.com
            [ClientIPAddress] => 213.205.241.237
            [AccountType] => E
            [ReferrerID] => F4D0E135-F056-449E-99E0-EC59917923E1
            [Website] => https://kartingnortheast.com
            [BrowserJavascriptEnabled] => 1
            [BrowserJavaEnabled] => 0
            [BrowserColorDepth] => 32
            [BrowserScreenHeight] => 844
            [BrowserScreenWidth] => 390
            [BrowserTZ] => 0
            [BrowserAcceptHeader] => application/json, text/javascript, */*; q=0.01
            [BrowserLanguage] => zh-CN
            [BrowserUserAgent] => Mozilla/5.0 (iPhone; CPU iPhone OS 15_3_1 like Mac OS X) AppleWebKit/605.1.15 (KHTML, like Gecko) Version/15.3 Mobile/15E148 Safari/604.1
            [ThreeDSNotificationURL] => https://kartingnortheast.com/checkout/order-pay/21371/?key=wc_order_623223c801c09&threedsecure=kne_wc_623223c801c09-21371-7bc9c0813ac88
            [ChallengeWindowSize] => 02
            [TransType] => 01
            [VendorData] => 
            [CardHolder] => Xiaoxuan Li
            [CardNumber] => 5242********0038
            [ExpiryDate] => 1026
            [CV2] => ***
            [CardType] => MC
            [ApplyAVSCV2] => 0
            [Apply3DSecure] => 0
        )

    [URL] => https://live.sagepay.com/gateway/service/vspdirect-register.vsp
)

03-16-2022 @ 17:53:10 - =============================================
03-16-2022 @ 17:53:10 - =============================================
03-16-2022 @ 17:53:10 - Opayo Direct Return : 
03-16-2022 @ 17:53:10 - VPSProtocol=4.00
Status=INVALID
StatusDetail=4043 : The Vendor Rule Bases disallow this card range.
VPSTxId={E6850A5D-4F74-3801-B819-3FEA1BCFDC83}
SecurityKey=AL1J5FSSTJ
03-16-2022 @ 17:53:10 - =============================================
03-16-2022 @ 18:42:29 - 
03-16-2022 @ 18:42:29 - =============================================
03-16-2022 @ 18:42:29 - 
03-16-2022 @ 18:42:29 - SagePay Log
03-16-2022 @ 18:42:29 - 16 Mar 2022, 18:42:29
03-16-2022 @ 18:42:29 - 
03-16-2022 @ 18:42:29 - =============================================
03-16-2022 @ 18:42:29 - Sent to Opayo : 
03-16-2022 @ 18:42:29 - Array
(
    [DATA] => Array
        (
            [VPSProtocol] => 4.00
            [TxType] => PAYMENT
            [Vendor] => kartingnortheas
            [VendorTxCode] => kne_wc_62322f958e4e5-21373-bef6e091dd28b
            [Amount] => 59.00
            [Currency] => GBP
            [Description] => Order 21373
            [BillingSurname] => Sturrock
            [BillingFirstnames] => Andrew
            [BillingCompany] => 
            [BillingAddress1] => 24 Peebles Avenue
            [BillingAddress2] => 
            [BillingCity] => HARTLEPOOL
            [BillingPostCode] => TS25 5LR
            [BillingCountry] => GB
            [BillingState] => 
            [BillingPhone] => 07553205735
            [DeliverySurname] => Sturrock
            [DeliveryFirstnames] => Andrew
            [DeliveryAddress1] => 24 Peebles Avenue
            [DeliveryAddress2] => 
            [DeliveryCity] => HARTLEPOOL
            [DeliveryPostCode] => TS25 5LR
            [DeliveryCountry] => GB
            [DeliveryState] => 
            [DeliveryPhone] => 07553205735
            [CustomerEMail] => asturrock754@gmail.com
            [ClientIPAddress] => 90.249.112.121
            [AccountType] => E
            [ReferrerID] => F4D0E135-F056-449E-99E0-EC59917923E1
            [Website] => https://kartingnortheast.com
            [BrowserJavascriptEnabled] => 1
            [BrowserJavaEnabled] => 0
            [BrowserColorDepth] => 24
            [BrowserScreenHeight] => 915
            [BrowserScreenWidth] => 412
            [BrowserTZ] => 0
            [BrowserAcceptHeader] => application/json, text/javascript, */*; q=0.01
            [BrowserLanguage] => en-GB
            [BrowserUserAgent] => Mozilla/5.0 (Linux; Android 12; SM-G986B) AppleWebKit/537.36 (KHTML, like Gecko) Chrome/99.0.4844.58 Mobile Safari/537.36
            [ThreeDSNotificationURL] => https://kartingnortheast.com/checkout/order-pay/21373/?key=wc_order_62322f958e4e5&threedsecure=kne_wc_62322f958e4e5-21373-bef6e091dd28b
            [ChallengeWindowSize] => 03
            [TransType] => 01
            [VendorData] => 
            [CardHolder] => Andrew Sturrock
            [CardNumber] => 4462********2910
            [ExpiryDate] => 0126
            [CV2] => ***
            [CardType] => DELTA
            [ApplyAVSCV2] => 0
            [Apply3DSecure] => 0
        )

    [URL] => https://live.sagepay.com/gateway/service/vspdirect-register.vsp
)

03-16-2022 @ 18:42:29 - =============================================
03-16-2022 @ 18:42:31 - =============================================
03-16-2022 @ 18:42:31 - Opayo Direct Return : 
03-16-2022 @ 18:42:31 - VPSProtocol=4.00
Status=OK
StatusDetail=0000 : The Authorisation was Successful.
VPSTxId={D67034D5-3DA7-9389-968E-DFE84813DC74}
SecurityKey=UYOFN2N19U
TxAuthNo=819795959
AVSCV2=ALL MATCH
AddressResult=MATCHED
PostCodeResult=MATCHED
CV2Result=MATCHED
3DSecureStatus=OK
CAVV=AJkBBCA2cQAAABcMgmB1dQAAAAA=
DeclineCode=00
ExpiryDate=0126
BankAuthCode=016075
ACSTransID=1f41f56b-7c06-4d76-9d5b-4a0dedf8fcf7
DSTransID=53521099-60d5-4880-abc0-a0d602ddce11
SchemeTraceID=482075673515815
03-16-2022 @ 18:42:31 - =============================================
03-16-2022 @ 20:30:03 - 
03-16-2022 @ 20:30:03 - =============================================
03-16-2022 @ 20:30:03 - 
03-16-2022 @ 20:30:03 - SagePay Log
03-16-2022 @ 20:30:03 - 16 Mar 2022, 20:30:03
03-16-2022 @ 20:30:03 - 
03-16-2022 @ 20:30:03 - =============================================
03-16-2022 @ 20:30:03 - Sent to Opayo : 
03-16-2022 @ 20:30:03 - Array
(
    [DATA] => Array
        (
            [VPSProtocol] => 4.00
            [TxType] => PAYMENT
            [Vendor] => kartingnortheas
            [VendorTxCode] => kne_wc_623248cb917d6-21375-d162b509ae6dc
            [Amount] => 43.00
            [Currency] => GBP
            [Description] => Order 21375
            [BillingSurname] => Kassab
            [BillingFirstnames] => Jad daniel
            [BillingCompany] => 
            [BillingAddress1] => Apartment 18 Charltons Bonds, Waterloo Street, ...
            [BillingAddress2] => 
            [BillingCity] => Newcastle upon Tyne
            [BillingPostCode] => NE1 4DE
            [BillingCountry] => GB
            [BillingState] => 
            [BillingPhone] => 07394801393
            [DeliverySurname] => Kassab
            [DeliveryFirstnames] => Jad daniel
            [DeliveryAddress1] => Apartment 18 Charltons Bonds, Waterloo Street, ...
            [DeliveryAddress2] => 
            [DeliveryCity] => Newcastle upon Tyne
            [DeliveryPostCode] => NE1 4DE
            [DeliveryCountry] => GB
            [DeliveryState] => 
            [DeliveryPhone] => 07394801393
            [CustomerEMail] => jad.kassab01@gmail.com
            [ClientIPAddress] => 213.205.241.105
            [AccountType] => E
            [ReferrerID] => F4D0E135-F056-449E-99E0-EC59917923E1
            [Website] => https://kartingnortheast.com
            [BrowserJavascriptEnabled] => 1
            [BrowserJavaEnabled] => 0
            [BrowserColorDepth] => 32
            [BrowserScreenHeight] => 812
            [BrowserScreenWidth] => 375
            [BrowserTZ] => 0
            [BrowserAcceptHeader] => application/json, text/javascript, */*; q=0.01
            [BrowserLanguage] => en-GB
            [BrowserUserAgent] => Mozilla/5.0 (iPhone; CPU iPhone OS 15_3 like Mac OS X) AppleWebKit/605.1.15 (KHTML, like Gecko) CriOS/99.0.4844.59 Mobile/15E148 Safari/604.1
            [ThreeDSNotificationURL] => https://kartingnortheast.com/checkout/order-pay/21375/?key=wc_order_623248cb917d6&threedsecure=kne_wc_623248cb917d6-21375-d162b509ae6dc
            [ChallengeWindowSize] => 02
            [TransType] => 01
            [VendorData] => 
            [CardHolder] => Jad daniel Kassab
            [CardNumber] => 4921********1836
            [ExpiryDate] => 0825
            [CV2] => ***
            [CardType] => DELTA
            [ApplyAVSCV2] => 0
            [Apply3DSecure] => 0
        )

    [URL] => https://live.sagepay.com/gateway/service/vspdirect-register.vsp
)

03-16-2022 @ 20:30:03 - =============================================
03-16-2022 @ 20:30:05 - =============================================
03-16-2022 @ 20:30:05 - Opayo Direct Return : 
03-16-2022 @ 20:30:05 - VPSProtocol=4.00
Status=OK
StatusDetail=0000 : The Authorisation was Successful.
VPSTxId={2051FD32-E7D2-1195-5DA2-8AA2009AC264}
SecurityKey=7VCCTJB2TR
TxAuthNo=819846779
AVSCV2=ALL MATCH
AddressResult=MATCHED
PostCodeResult=MATCHED
CV2Result=MATCHED
3DSecureStatus=OK
CAVV=AJkBAIEBUwAAABDMgmB1dQAAAAA=
DeclineCode=00
ExpiryDate=0825
BankAuthCode=016919
ACSTransID=4f5ad54c-bab5-4b28-ab7c-104eb7224927
DSTransID=c91a86f7-bc39-449c-aa38-426350a50776
SchemeTraceID=482075738054402
03-16-2022 @ 20:30:05 - =============================================
03-16-2022 @ 22:03:09 - 
03-16-2022 @ 22:03:09 - =============================================
03-16-2022 @ 22:03:09 - 
03-16-2022 @ 22:03:09 - SagePay Log
03-16-2022 @ 22:03:09 - 16 Mar 2022, 22:03:09
03-16-2022 @ 22:03:09 - 
03-16-2022 @ 22:03:09 - =============================================
03-16-2022 @ 22:03:09 - Sent to Opayo : 
03-16-2022 @ 22:03:09 - Array
(
    [DATA] => Array
        (
            [VPSProtocol] => 4.00
            [TxType] => PAYMENT
            [Vendor] => kartingnortheas
            [VendorTxCode] => kne_wc_62325e9cd7094-21379-f3f663c540d45
            [Amount] => 236.00
            [Currency] => GBP
            [Description] => Order 21379
            [BillingSurname] => HUANG
            [BillingFirstnames] => RUIHAN
            [BillingCompany] => 
            [BillingAddress1] => Flat 18 Cedar House
            [BillingAddress2] => 
            [BillingCity] => London
            [BillingPostCode] => W1U 5LU
            [BillingCountry] => GB
            [BillingState] => 
            [BillingPhone] => 07536340843
            [DeliverySurname] => HUANG
            [DeliveryFirstnames] => RUIHAN
            [DeliveryAddress1] => Flat 18 Cedar House
            [DeliveryAddress2] => 
            [DeliveryCity] => London
            [DeliveryPostCode] => W1U 5LU
            [DeliveryCountry] => GB
            [DeliveryState] => 
            [DeliveryPhone] => 07536340843
            [CustomerEMail] => hrh1023@outlook.com
            [ClientIPAddress] => 88.83.122.58
            [AccountType] => E
            [ReferrerID] => F4D0E135-F056-449E-99E0-EC59917923E1
            [Website] => https://kartingnortheast.com
            [BrowserJavascriptEnabled] => 1
            [BrowserJavaEnabled] => 0
            [BrowserColorDepth] => 32
            [BrowserScreenHeight] => 926
            [BrowserScreenWidth] => 428
            [BrowserTZ] => 0
            [BrowserAcceptHeader] => application/json, text/javascript, */*; q=0.01
            [BrowserLanguage] => zh-CN
            [BrowserUserAgent] => Mozilla/5.0 (iPhone; CPU iPhone OS 15_0_2 like Mac OS X) AppleWebKit/605.1.15 (KHTML, like Gecko) Version/15.0 Mobile/15E148 Safari/604.1
            [ThreeDSNotificationURL] => https://kartingnortheast.com/checkout/order-pay/21379/?key=wc_order_62325e9cd7094&threedsecure=kne_wc_62325e9cd7094-21379-f3f663c540d45
            [ChallengeWindowSize] => 03
            [TransType] => 01
            [VendorData] => 
            [CardHolder] => RUIHAN HUANG
            [CardNumber] => 4921********4018
            [ExpiryDate] => 0925
            [CV2] => ***
            [CardType] => DELTA
            [ApplyAVSCV2] => 0
            [Apply3DSecure] => 0
        )

    [URL] => https://live.sagepay.com/gateway/service/vspdirect-register.vsp
)

03-16-2022 @ 22:03:09 - =============================================
03-16-2022 @ 22:03:09 - =============================================
03-16-2022 @ 22:03:09 - Opayo Direct Return : 
03-16-2022 @ 22:03:09 - VPSProtocol=4.00
Status=INVALID
StatusDetail=4019 : Client IP address is restricted by the vendor.
VPSTxId={E7668B1F-C6D2-2CBD-9BC9-5F87CA475897}
SecurityKey=1CNRPGSAH3
03-16-2022 @ 22:03:09 - =============================================
03-16-2022 @ 22:03:15 - 
03-16-2022 @ 22:03:15 - =============================================
03-16-2022 @ 22:03:15 - 
03-16-2022 @ 22:03:15 - SagePay Log
03-16-2022 @ 22:03:15 - 16 Mar 2022, 22:03:15
03-16-2022 @ 22:03:15 - 
03-16-2022 @ 22:03:15 - =============================================
03-16-2022 @ 22:03:15 - Sent to Opayo : 
03-16-2022 @ 22:03:15 - Array
(
    [DATA] => Array
        (
            [VPSProtocol] => 4.00
            [TxType] => PAYMENT
            [Vendor] => kartingnortheas
            [VendorTxCode] => kne_wc_62325e9cd7094-21379-16be070841e72
            [Amount] => 236.00
            [Currency] => GBP
            [Description] => Order 21379
            [BillingSurname] => HUANG
            [BillingFirstnames] => RUIHAN
            [BillingCompany] => 
            [BillingAddress1] => Flat 18 Cedar House
            [BillingAddress2] => 
            [BillingCity] => London
            [BillingPostCode] => W1U 5LU
            [BillingCountry] => GB
            [BillingState] => 
            [BillingPhone] => 07536340843
            [DeliverySurname] => HUANG
            [DeliveryFirstnames] => RUIHAN
            [DeliveryAddress1] => Flat 18 Cedar House
            [DeliveryAddress2] => 
            [DeliveryCity] => London
            [DeliveryPostCode] => W1U 5LU
            [DeliveryCountry] => GB
            [DeliveryState] => 
            [DeliveryPhone] => 07536340843
            [CustomerEMail] => hrh1023@outlook.com
            [ClientIPAddress] => 88.83.122.58
            [AccountType] => E
            [ReferrerID] => F4D0E135-F056-449E-99E0-EC59917923E1
            [Website] => https://kartingnortheast.com
            [BrowserJavascriptEnabled] => 1
            [BrowserJavaEnabled] => 0
            [BrowserColorDepth] => 32
            [BrowserScreenHeight] => 926
            [BrowserScreenWidth] => 428
            [BrowserTZ] => 0
            [BrowserAcceptHeader] => application/json, text/javascript, */*; q=0.01
            [BrowserLanguage] => zh-CN
            [BrowserUserAgent] => Mozilla/5.0 (iPhone; CPU iPhone OS 15_0_2 like Mac OS X) AppleWebKit/605.1.15 (KHTML, like Gecko) Version/15.0 Mobile/15E148 Safari/604.1
            [ThreeDSNotificationURL] => https://kartingnortheast.com/checkout/order-pay/21379/?key=wc_order_62325e9cd7094&threedsecure=kne_wc_62325e9cd7094-21379-16be070841e72
            [ChallengeWindowSize] => 03
            [TransType] => 01
            [VendorData] => 
            [CardHolder] => RUIHAN HUANG
            [CardNumber] => 4921********4018
            [ExpiryDate] => 0925
            [CV2] => ***
            [CardType] => DELTA
            [ApplyAVSCV2] => 0
            [Apply3DSecure] => 0
        )

    [URL] => https://live.sagepay.com/gateway/service/vspdirect-register.vsp
)

03-16-2022 @ 22:03:15 - =============================================
03-16-2022 @ 22:03:15 - =============================================
03-16-2022 @ 22:03:15 - Opayo Direct Return : 
03-16-2022 @ 22:03:15 - VPSProtocol=4.00
Status=INVALID
StatusDetail=4019 : Client IP address is restricted by the vendor.
VPSTxId={19EE8845-D68C-8CF6-8A2F-C6F4818B8B54}
SecurityKey=GYPFFF1JTR
03-16-2022 @ 22:03:15 - =============================================
03-16-2022 @ 22:04:29 - 
03-16-2022 @ 22:04:29 - =============================================
03-16-2022 @ 22:04:29 - 
03-16-2022 @ 22:04:29 - SagePay Log
03-16-2022 @ 22:04:29 - 16 Mar 2022, 22:04:29
03-16-2022 @ 22:04:29 - 
03-16-2022 @ 22:04:29 - =============================================
03-16-2022 @ 22:04:29 - Sent to Opayo : 
03-16-2022 @ 22:04:29 - Array
(
    [DATA] => Array
        (
            [VPSProtocol] => 4.00
            [TxType] => PAYMENT
            [Vendor] => kartingnortheas
            [VendorTxCode] => kne_wc_62325e9cd7094-21379-5bf34c220365c
            [Amount] => 236.00
            [Currency] => GBP
            [Description] => Order 21379
            [BillingSurname] => huang
            [BillingFirstnames] => ruihan
            [BillingCompany] => 
            [BillingAddress1] => Flat 18 Cedar house 39-41Nottingham place
            [BillingAddress2] => 
            [BillingCity] => London
            [BillingPostCode] => W1U 5LU
            [BillingCountry] => GB
            [BillingState] => 
            [BillingPhone] => 07536340843
            [DeliverySurname] => huang
            [DeliveryFirstnames] => ruihan
            [DeliveryAddress1] => Flat 18 Cedar house 39-41Nottingham place
            [DeliveryAddress2] => 
            [DeliveryCity] => London
            [DeliveryPostCode] => W1U 5LU
            [DeliveryCountry] => GB
            [DeliveryState] => 
            [DeliveryPhone] => 07536340843
            [CustomerEMail] => hrh1023@outlook.com
            [ClientIPAddress] => 88.83.122.58
            [AccountType] => E
            [ReferrerID] => F4D0E135-F056-449E-99E0-EC59917923E1
            [Website] => https://kartingnortheast.com
            [BrowserJavascriptEnabled] => 1
            [BrowserJavaEnabled] => 0
            [BrowserColorDepth] => 32
            [BrowserScreenHeight] => 926
            [BrowserScreenWidth] => 428
            [BrowserTZ] => 0
            [BrowserAcceptHeader] => application/json, text/javascript, */*; q=0.01
            [BrowserLanguage] => zh-CN
            [BrowserUserAgent] => Mozilla/5.0 (iPhone; CPU iPhone OS 15_0_2 like Mac OS X) AppleWebKit/605.1.15 (KHTML, like Gecko) Version/15.0 Mobile/15E148 Safari/604.1
            [ThreeDSNotificationURL] => https://kartingnortheast.com/checkout/order-pay/21379/?key=wc_order_62325e9cd7094&threedsecure=kne_wc_62325e9cd7094-21379-5bf34c220365c
            [ChallengeWindowSize] => 03
            [TransType] => 01
            [VendorData] => 
            [CardHolder] => ruihan huang
            [CardNumber] => 4921********4018
            [ExpiryDate] => 0925
            [CV2] => ***
            [CardType] => DELTA
            [ApplyAVSCV2] => 0
            [Apply3DSecure] => 0
        )

    [URL] => https://live.sagepay.com/gateway/service/vspdirect-register.vsp
)

03-16-2022 @ 22:04:29 - =============================================
03-16-2022 @ 22:04:29 - =============================================
03-16-2022 @ 22:04:29 - Opayo Direct Return : 
03-16-2022 @ 22:04:29 - VPSProtocol=4.00
Status=INVALID
StatusDetail=4019 : Client IP address is restricted by the vendor.
VPSTxId={5ABDA544-D87E-64C1-35B4-669860A519B2}
SecurityKey=3CYHHGURSK
03-16-2022 @ 22:04:29 - =============================================
03-16-2022 @ 22:04:42 - 
03-16-2022 @ 22:04:42 - =============================================
03-16-2022 @ 22:04:42 - 
03-16-2022 @ 22:04:42 - SagePay Log
03-16-2022 @ 22:04:42 - 16 Mar 2022, 22:04:42
03-16-2022 @ 22:04:42 - 
03-16-2022 @ 22:04:42 - =============================================
03-16-2022 @ 22:04:42 - Sent to Opayo : 
03-16-2022 @ 22:04:42 - Array
(
    [DATA] => Array
        (
            [VPSProtocol] => 4.00
            [TxType] => PAYMENT
            [Vendor] => kartingnortheas
            [VendorTxCode] => kne_wc_62325e9cd7094-21379-63d9d9280acf1
            [Amount] => 236.00
            [Currency] => GBP
            [Description] => Order 21379
            [BillingSurname] => huang
            [BillingFirstnames] => ruihan
            [BillingCompany] => 
            [BillingAddress1] => Flat 18 Cedar house 39-41Nottingham place
            [BillingAddress2] => 
            [BillingCity] => London
            [BillingPostCode] => W1U 5LU
            [BillingCountry] => GB
            [BillingState] => 
            [BillingPhone] => 07536340843
            [DeliverySurname] => huang
            [DeliveryFirstnames] => ruihan
            [DeliveryAddress1] => Flat 18 Cedar house 39-41Nottingham place
            [DeliveryAddress2] => 
            [DeliveryCity] => London
            [DeliveryPostCode] => W1U 5LU
            [DeliveryCountry] => GB
            [DeliveryState] => 
            [DeliveryPhone] => 07536340843
            [CustomerEMail] => hrh1023@outlook.com
            [ClientIPAddress] => 88.83.122.58
            [AccountType] => E
            [ReferrerID] => F4D0E135-F056-449E-99E0-EC59917923E1
            [Website] => https://kartingnortheast.com
            [BrowserJavascriptEnabled] => 1
            [BrowserJavaEnabled] => 0
            [BrowserColorDepth] => 32
            [BrowserScreenHeight] => 926
            [BrowserScreenWidth] => 428
            [BrowserTZ] => 0
            [BrowserAcceptHeader] => application/json, text/javascript, */*; q=0.01
            [BrowserLanguage] => zh-CN
            [BrowserUserAgent] => Mozilla/5.0 (iPhone; CPU iPhone OS 15_0_2 like Mac OS X) AppleWebKit/605.1.15 (KHTML, like Gecko) Version/15.0 Mobile/15E148 Safari/604.1
            [ThreeDSNotificationURL] => https://kartingnortheast.com/checkout/order-pay/21379/?key=wc_order_62325e9cd7094&threedsecure=kne_wc_62325e9cd7094-21379-63d9d9280acf1
            [ChallengeWindowSize] => 03
            [TransType] => 01
            [VendorData] => 
            [CardHolder] => ruihan huang
            [CardNumber] => 4921********4018
            [ExpiryDate] => 0925
            [CV2] => ***
            [CardType] => DELTA
            [ApplyAVSCV2] => 0
            [Apply3DSecure] => 0
        )

    [URL] => https://live.sagepay.com/gateway/service/vspdirect-register.vsp
)

03-16-2022 @ 22:04:42 - =============================================
03-16-2022 @ 22:04:43 - =============================================
03-16-2022 @ 22:04:43 - Opayo Direct Return : 
03-16-2022 @ 22:04:43 - VPSProtocol=4.00
Status=INVALID
StatusDetail=4019 : Client IP address is restricted by the vendor.
VPSTxId={B23B3FA6-CE56-12ED-8418-BA4514FCC99B}
SecurityKey=GVC6NPYPJR
03-16-2022 @ 22:04:43 - =============================================
03-16-2022 @ 22:05:19 - 
03-16-2022 @ 22:05:19 - =============================================
03-16-2022 @ 22:05:19 - 
03-16-2022 @ 22:05:19 - SagePay Log
03-16-2022 @ 22:05:19 - 16 Mar 2022, 22:05:19
03-16-2022 @ 22:05:19 - 
03-16-2022 @ 22:05:19 - =============================================
03-16-2022 @ 22:05:19 - Sent to Opayo : 
03-16-2022 @ 22:05:19 - Array
(
    [DATA] => Array
        (
            [VPSProtocol] => 4.00
            [TxType] => PAYMENT
            [Vendor] => kartingnortheas
            [VendorTxCode] => kne_wc_62325e9cd7094-21379-8801e37a3f349
            [Amount] => 236.00
            [Currency] => GBP
            [Description] => Order 21379
            [BillingSurname] => huang
            [BillingFirstnames] => ruihan
            [BillingCompany] => 
            [BillingAddress1] => Flat 18 Cedar house 39-41Nottingham place
            [BillingAddress2] => 
            [BillingCity] => London
            [BillingPostCode] => W1U 5LU
            [BillingCountry] => GB
            [BillingState] => 
            [BillingPhone] => 07536340843
            [DeliverySurname] => huang
            [DeliveryFirstnames] => ruihan
            [DeliveryAddress1] => Flat 18 Cedar house 39-41Nottingham place
            [DeliveryAddress2] => 
            [DeliveryCity] => London
            [DeliveryPostCode] => W1U 5LU
            [DeliveryCountry] => GB
            [DeliveryState] => 
            [DeliveryPhone] => 07536340843
            [CustomerEMail] => hrh1023@outlook.com
            [ClientIPAddress] => 88.83.122.58
            [AccountType] => E
            [ReferrerID] => F4D0E135-F056-449E-99E0-EC59917923E1
            [Website] => https://kartingnortheast.com
            [BrowserJavascriptEnabled] => 1
            [BrowserJavaEnabled] => 0
            [BrowserColorDepth] => 32
            [BrowserScreenHeight] => 926
            [BrowserScreenWidth] => 428
            [BrowserTZ] => 0
            [BrowserAcceptHeader] => application/json, text/javascript, */*; q=0.01
            [BrowserLanguage] => zh-CN
            [BrowserUserAgent] => Mozilla/5.0 (iPhone; CPU iPhone OS 15_0_2 like Mac OS X) AppleWebKit/605.1.15 (KHTML, like Gecko) Version/15.0 Mobile/15E148 Safari/604.1
            [ThreeDSNotificationURL] => https://kartingnortheast.com/checkout/order-pay/21379/?key=wc_order_62325e9cd7094&threedsecure=kne_wc_62325e9cd7094-21379-8801e37a3f349
            [ChallengeWindowSize] => 03
            [TransType] => 01
            [VendorData] => 
            [CardHolder] => ruihan huang
            [CardNumber] => 4921********4018
            [ExpiryDate] => 0925
            [CV2] => ***
            [CardType] => DELTA
            [ApplyAVSCV2] => 0
            [Apply3DSecure] => 0
        )

    [URL] => https://live.sagepay.com/gateway/service/vspdirect-register.vsp
)

03-16-2022 @ 22:05:19 - =============================================
03-16-2022 @ 22:05:19 - =============================================
03-16-2022 @ 22:05:19 - Opayo Direct Return : 
03-16-2022 @ 22:05:19 - VPSProtocol=4.00
Status=INVALID
StatusDetail=4019 : Client IP address is restricted by the vendor.
VPSTxId={3468DCD0-CBC1-B9A8-CE60-815C752C4889}
SecurityKey=S6FBJB3VZW
03-16-2022 @ 22:05:19 - =============================================
03-16-2022 @ 22:06:05 - 
03-16-2022 @ 22:06:05 - =============================================
03-16-2022 @ 22:06:05 - 
03-16-2022 @ 22:06:05 - SagePay Log
03-16-2022 @ 22:06:05 - 16 Mar 2022, 22:06:05
03-16-2022 @ 22:06:05 - 
03-16-2022 @ 22:06:05 - =============================================
03-16-2022 @ 22:06:05 - Sent to Opayo : 
03-16-2022 @ 22:06:05 - Array
(
    [DATA] => Array
        (
            [VPSProtocol] => 4.00
            [TxType] => PAYMENT
            [Vendor] => kartingnortheas
            [VendorTxCode] => kne_wc_62325e9cd7094-21379-b840c471564ea
            [Amount] => 236.00
            [Currency] => GBP
            [Description] => Order 21379
            [BillingSurname] => huang
            [BillingFirstnames] => ruihan
            [BillingCompany] => 
            [BillingAddress1] => Flat 18 Cedar house 39-41Nottingham place
            [BillingAddress2] => 
            [BillingCity] => London
            [BillingPostCode] => W1U 5LU
            [BillingCountry] => GB
            [BillingState] => 
            [BillingPhone] => 07536340843
            [DeliverySurname] => huang
            [DeliveryFirstnames] => ruihan
            [DeliveryAddress1] => Flat 18 Cedar house 39-41Nottingham place
            [DeliveryAddress2] => 
            [DeliveryCity] => London
            [DeliveryPostCode] => W1U 5LU
            [DeliveryCountry] => GB
            [DeliveryState] => 
            [DeliveryPhone] => 07536340843
            [CustomerEMail] => hrh1023@outlook.com
            [ClientIPAddress] => 88.83.122.58
            [AccountType] => E
            [ReferrerID] => F4D0E135-F056-449E-99E0-EC59917923E1
            [Website] => https://kartingnortheast.com
            [BrowserJavascriptEnabled] => 1
            [BrowserJavaEnabled] => 0
            [BrowserColorDepth] => 32
            [BrowserScreenHeight] => 926
            [BrowserScreenWidth] => 428
            [BrowserTZ] => 0
            [BrowserAcceptHeader] => application/json, text/javascript, */*; q=0.01
            [BrowserLanguage] => zh-CN
            [BrowserUserAgent] => Mozilla/5.0 (iPhone; CPU iPhone OS 15_0_2 like Mac OS X) AppleWebKit/605.1.15 (KHTML, like Gecko) Version/15.0 Mobile/15E148 Safari/604.1
            [ThreeDSNotificationURL] => https://kartingnortheast.com/checkout/order-pay/21379/?key=wc_order_62325e9cd7094&threedsecure=kne_wc_62325e9cd7094-21379-b840c471564ea
            [ChallengeWindowSize] => 03
            [TransType] => 01
            [VendorData] => 
            [CardHolder] => ruihan huang
            [CardNumber] => 5242********2721
            [ExpiryDate] => 0827
            [CV2] => ***
            [CardType] => MC
            [ApplyAVSCV2] => 0
            [Apply3DSecure] => 0
        )

    [URL] => https://live.sagepay.com/gateway/service/vspdirect-register.vsp
)

03-16-2022 @ 22:06:05 - =============================================
03-16-2022 @ 22:06:05 - =============================================
03-16-2022 @ 22:06:05 - Opayo Direct Return : 
03-16-2022 @ 22:06:05 - VPSProtocol=4.00
Status=INVALID
StatusDetail=4019 : Client IP address is restricted by the vendor.
VPSTxId={1CF7FF6E-129A-0CC6-2AFE-AB5C35B5EE68}
SecurityKey=DXZOOJF7CP
03-16-2022 @ 22:06:05 - =============================================
03-16-2022 @ 22:06:14 - 
03-16-2022 @ 22:06:14 - =============================================
03-16-2022 @ 22:06:14 - 
03-16-2022 @ 22:06:14 - SagePay Log
03-16-2022 @ 22:06:14 - 16 Mar 2022, 22:06:14
03-16-2022 @ 22:06:14 - 
03-16-2022 @ 22:06:14 - =============================================
03-16-2022 @ 22:06:14 - Sent to Opayo : 
03-16-2022 @ 22:06:14 - Array
(
    [DATA] => Array
        (
            [VPSProtocol] => 4.00
            [TxType] => PAYMENT
            [Vendor] => kartingnortheas
            [VendorTxCode] => kne_wc_62325e9cd7094-21379-a2490f3e409ff
            [Amount] => 236.00
            [Currency] => GBP
            [Description] => Order 21379
            [BillingSurname] => huang
            [BillingFirstnames] => ruihan
            [BillingCompany] => 
            [BillingAddress1] => Flat 18 Cedar house 39-41Nottingham place
            [BillingAddress2] => 
            [BillingCity] => London
            [BillingPostCode] => W1U 5LU
            [BillingCountry] => GB
            [BillingState] => 
            [BillingPhone] => 07536340843
            [DeliverySurname] => huang
            [DeliveryFirstnames] => ruihan
            [DeliveryAddress1] => Flat 18 Cedar house 39-41Nottingham place
            [DeliveryAddress2] => 
            [DeliveryCity] => London
            [DeliveryPostCode] => W1U 5LU
            [DeliveryCountry] => GB
            [DeliveryState] => 
            [DeliveryPhone] => 07536340843
            [CustomerEMail] => hrh1023@outlook.com
            [ClientIPAddress] => 213.205.197.129
            [AccountType] => E
            [ReferrerID] => F4D0E135-F056-449E-99E0-EC59917923E1
            [Website] => https://kartingnortheast.com
            [BrowserJavascriptEnabled] => 1
            [BrowserJavaEnabled] => 0
            [BrowserColorDepth] => 32
            [BrowserScreenHeight] => 926
            [BrowserScreenWidth] => 428
            [BrowserTZ] => 0
            [BrowserAcceptHeader] => application/json, text/javascript, */*; q=0.01
            [BrowserLanguage] => zh-CN
            [BrowserUserAgent] => Mozilla/5.0 (iPhone; CPU iPhone OS 15_0_2 like Mac OS X) AppleWebKit/605.1.15 (KHTML, like Gecko) Version/15.0 Mobile/15E148 Safari/604.1
            [ThreeDSNotificationURL] => https://kartingnortheast.com/checkout/order-pay/21379/?key=wc_order_62325e9cd7094&threedsecure=kne_wc_62325e9cd7094-21379-a2490f3e409ff
            [ChallengeWindowSize] => 03
            [TransType] => 01
            [VendorData] => 
            [CardHolder] => ruihan huang
            [CardNumber] => 5242********2721
            [ExpiryDate] => 0827
            [CV2] => ***
            [CardType] => MC
            [ApplyAVSCV2] => 0
            [Apply3DSecure] => 0
        )

    [URL] => https://live.sagepay.com/gateway/service/vspdirect-register.vsp
)

03-16-2022 @ 22:06:14 - =============================================
03-16-2022 @ 22:06:14 - =============================================
03-16-2022 @ 22:06:14 - Opayo Direct Return : 
03-16-2022 @ 22:06:14 - VPSProtocol=4.00
Status=INVALID
StatusDetail=4043 : The Vendor Rule Bases disallow this card range.
VPSTxId={7C4EFC29-9B90-3EA8-D0AF-43F6C0B7F780}
SecurityKey=1XROCVMQPK
03-16-2022 @ 22:06:14 - =============================================
